[2026-01-15 09:55:10] production.ERROR: Maximum execution time of 60 seconds exceeded {"userId":95,"exception":"[object] (Symfony\\Component\\ErrorHandler\\Error\\FatalError(code: 0): Maximum execution time of 60 seconds exceeded at C:\\Users\\devin\\Documents\\SynologyDrive\\Privat\\Serv24\\Laravel-VueJS\\Kopie-UCP-web-UI\\src\\app\\Overrides\\SoftDelete\\UniqueConstraintSoftDeletingScope.php:10)
[stacktrace]
#0 {main}
"} 
[2026-01-15 09:55:10] production.ERROR: Symfony\Component\ErrorHandler\Error\FatalError: Maximum execution time of 60 seconds exceeded in C:\Users\devin\Documents\SynologyDrive\Privat\Serv24\Laravel-VueJS\Kopie-UCP-web-UI\src\app\Overrides\SoftDelete\UniqueConstraintSoftDeletingScope.php:10
Stack trace:
#0 {main} ["Default error handler action performed"] 
[2026-01-15 11:15:52] production.ERROR: SQLSTATE[23000]: Integrity constraint violation: 1062 Duplicate entry '2026-01-15 12:15:51' for key 'PRIMARY' (Connection: mysql, SQL: update `timeseries` set `ts_data` = {"enabled":109,"disabled":15,"inbound_calls":34,"active_alarms":99,"periodic_checks":77,"local_checks":97,"Active_alarm":15,"Battery_malfunction":40,"Battery_low":47,"Button_malfunction":42,"Charge_malfunction":30,"Database_malfunction":45,"Disk_low":3,"Object_door_failure":28,"Elevator_failure":41,"Gateway_malfunction":31,"Identity_mismatch":45,"Object_is_not_level":33,"Light_malfunction":46,"Line_alarm":14,"Location_alarm":2,"Object_is_under_maintenance":31,"Microphone_malfunction":2,"Network_malfunction":12,"Periodical_call_overdue":39,"PIN_mismatch":6,"Power_malfunction":29,"RAM_low":15,"Reserved_device":38,"Serial_port_malfunction":6,"Shaft_failure":47,"Low_signal":29,"SIP_registration_failure":40,"Speaker_malfunction":16,"Technician_check_overdue":50,"Voice_alarm":26} where (`ts_timestamp` = 2026-01-13 12:00:00) limit 1) {"exception":"[object] (Illuminate\\Database\\UniqueConstraintViolationException(code: 23000): SQLSTATE[23000]: Integrity constraint violation: 1062 Duplicate entry '2026-01-15 12:15:51' for key 'PRIMARY' (Connection: mysql, SQL: update `timeseries` set `ts_data` = {\"enabled\":109,\"disabled\":15,\"inbound_calls\":34,\"active_alarms\":99,\"periodic_checks\":77,\"local_checks\":97,\"Active_alarm\":15,\"Battery_malfunction\":40,\"Battery_low\":47,\"Button_malfunction\":42,\"Charge_malfunction\":30,\"Database_malfunction\":45,\"Disk_low\":3,\"Object_door_failure\":28,\"Elevator_failure\":41,\"Gateway_malfunction\":31,\"Identity_mismatch\":45,\"Object_is_not_level\":33,\"Light_malfunction\":46,\"Line_alarm\":14,\"Location_alarm\":2,\"Object_is_under_maintenance\":31,\"Microphone_malfunction\":2,\"Network_malfunction\":12,\"Periodical_call_overdue\":39,\"PIN_mismatch\":6,\"Power_malfunction\":29,\"RAM_low\":15,\"Reserved_device\":38,\"Serial_port_malfunction\":6,\"Shaft_failure\":47,\"Low_signal\":29,\"SIP_registration_failure\":40,\"Speaker_malfunction\":16,\"Technician_check_overdue\":50,\"Voice_alarm\":26} where (`ts_timestamp` = 2026-01-13 12:00:00) limit 1) at C:\\Users\\devin\\Documents\\SynologyDrive\\Privat\\Serv24\\Laravel-VueJS\\Kopie-UCP-web-UI\\src\\vendor\\laravel\\framework\\src\\Illuminate\\Database\\Connection.php:824)
[stacktrace]
#0 C:\\Users\\devin\\Documents\\SynologyDrive\\Privat\\Serv24\\Laravel-VueJS\\Kopie-UCP-web-UI\\src\\vendor\\laravel\\framework\\src\\Illuminate\\Database\\Connection.php(783): Illuminate\\Database\\Connection->runQueryCallback('update `timeser...', Array, Object(Closure))
#1 C:\\Users\\devin\\Documents\\SynologyDrive\\Privat\\Serv24\\Laravel-VueJS\\Kopie-UCP-web-UI\\src\\vendor\\laravel\\framework\\src\\Illuminate\\Database\\Connection.php(600): Illuminate\\Database\\Connection->run('update `timeser...', Array, Object(Closure))
#2 C:\\Users\\devin\\Documents\\SynologyDrive\\Privat\\Serv24\\Laravel-VueJS\\Kopie-UCP-web-UI\\src\\vendor\\laravel\\framework\\src\\Illuminate\\Database\\Connection.php(552): Illuminate\\Database\\Connection->affectingStatement('update `timeser...', Array)
#3 C:\\Users\\devin\\Documents\\SynologyDrive\\Privat\\Serv24\\Laravel-VueJS\\Kopie-UCP-web-UI\\src\\vendor\\laravel\\framework\\src\\Illuminate\\Database\\Query\\Builder.php(3602): Illuminate\\Database\\Connection->update('update `timeser...', Array)
#4 C:\\Users\\devin\\Documents\\SynologyDrive\\Privat\\Serv24\\Laravel-VueJS\\Kopie-UCP-web-UI\\src\\vendor\\laravel\\framework\\src\\Illuminate\\Database\\Query\\Builder.php(3645): Illuminate\\Database\\Query\\Builder->update(Array)
#5 C:\\Users\\devin\\Documents\\SynologyDrive\\Privat\\Serv24\\Laravel-VueJS\\Kopie-UCP-web-UI\\src\\app\\Console\\Commands\\GenerateTimeseriesData.php(63): Illuminate\\Database\\Query\\Builder->updateOrInsert(Array, Array)
#6 C:\\Users\\devin\\Documents\\SynologyDrive\\Privat\\Serv24\\Laravel-VueJS\\Kopie-UCP-web-UI\\src\\vendor\\laravel\\framework\\src\\Illuminate\\Container\\BoundMethod.php(36): App\\Console\\Commands\\GenerateTimeseriesData->handle()
#7 C:\\Users\\devin\\Documents\\SynologyDrive\\Privat\\Serv24\\Laravel-VueJS\\Kopie-UCP-web-UI\\src\\vendor\\laravel\\framework\\src\\Illuminate\\Container\\Util.php(41): Illuminate\\Container\\BoundMethod::Illuminate\\Container\\{closure}()
#8 C:\\Users\\devin\\Documents\\SynologyDrive\\Privat\\Serv24\\Laravel-VueJS\\Kopie-UCP-web-UI\\src\\vendor\\laravel\\framework\\src\\Illuminate\\Container\\BoundMethod.php(93): Illuminate\\Container\\Util::unwrapIfClosure(Object(Closure))
#9 C:\\Users\\devin\\Documents\\SynologyDrive\\Privat\\Serv24\\Laravel-VueJS\\Kopie-UCP-web-UI\\src\\vendor\\laravel\\framework\\src\\Illuminate\\Container\\BoundMethod.php(35): Illuminate\\Container\\BoundMethod::callBoundMethod(Object(Illuminate\\Foundation\\Application), Array, Object(Closure))
#10 C:\\Users\\devin\\Documents\\SynologyDrive\\Privat\\Serv24\\Laravel-VueJS\\Kopie-UCP-web-UI\\src\\vendor\\laravel\\framework\\src\\Illuminate\\Container\\Container.php(662): Illuminate\\Container\\BoundMethod::call(Object(Illuminate\\Foundation\\Application), Array, Array, NULL)
#11 C:\\Users\\devin\\Documents\\SynologyDrive\\Privat\\Serv24\\Laravel-VueJS\\Kopie-UCP-web-UI\\src\\vendor\\laravel\\framework\\src\\Illuminate\\Console\\Command.php(211): Illuminate\\Container\\Container->call(Array)
#12 C:\\Users\\devin\\Documents\\SynologyDrive\\Privat\\Serv24\\Laravel-VueJS\\Kopie-UCP-web-UI\\src\\vendor\\symfony\\console\\Command\\Command.php(326): Illuminate\\Console\\Command->execute(Object(Symfony\\Component\\Console\\Input\\ArgvInput), Object(Illuminate\\Console\\OutputStyle))
#13 C:\\Users\\devin\\Documents\\SynologyDrive\\Privat\\Serv24\\Laravel-VueJS\\Kopie-UCP-web-UI\\src\\vendor\\laravel\\framework\\src\\Illuminate\\Console\\Command.php(180): Symfony\\Component\\Console\\Command\\Command->run(Object(Symfony\\Component\\Console\\Input\\ArgvInput), Object(Illuminate\\Console\\OutputStyle))
#14 C:\\Users\\devin\\Documents\\SynologyDrive\\Privat\\Serv24\\Laravel-VueJS\\Kopie-UCP-web-UI\\src\\vendor\\symfony\\console\\Application.php(1096): Illuminate\\Console\\Command->run(Object(Symfony\\Component\\Console\\Input\\ArgvInput), Object(Symfony\\Component\\Console\\Output\\ConsoleOutput))
#15 C:\\Users\\devin\\Documents\\SynologyDrive\\Privat\\Serv24\\Laravel-VueJS\\Kopie-UCP-web-UI\\src\\vendor\\symfony\\console\\Application.php(324): Symfony\\Component\\Console\\Application->doRunCommand(Object(App\\Console\\Commands\\GenerateTimeseriesData), Object(Symfony\\Component\\Console\\Input\\ArgvInput), Object(Symfony\\Component\\Console\\Output\\ConsoleOutput))
#16 C:\\Users\\devin\\Documents\\SynologyDrive\\Privat\\Serv24\\Laravel-VueJS\\Kopie-UCP-web-UI\\src\\vendor\\symfony\\console\\Application.php(175): Symfony\\Component\\Console\\Application->doRun(Object(Symfony\\Component\\Console\\Input\\ArgvInput), Object(Symfony\\Component\\Console\\Output\\ConsoleOutput))
#17 C:\\Users\\devin\\Documents\\SynologyDrive\\Privat\\Serv24\\Laravel-VueJS\\Kopie-UCP-web-UI\\src\\vendor\\laravel\\framework\\src\\Illuminate\\Foundation\\Console\\Kernel.php(201): Symfony\\Component\\Console\\Application->run(Object(Symfony\\Component\\Console\\Input\\ArgvInput), Object(Symfony\\Component\\Console\\Output\\ConsoleOutput))
#18 C:\\Users\\devin\\Documents\\SynologyDrive\\Privat\\Serv24\\Laravel-VueJS\\Kopie-UCP-web-UI\\src\\artisan(35): Illuminate\\Foundation\\Console\\Kernel->handle(Object(Symfony\\Component\\Console\\Input\\ArgvInput), Object(Symfony\\Component\\Console\\Output\\ConsoleOutput))
#19 {main}

[previous exception] [object] (PDOException(code: 23000): SQLSTATE[23000]: Integrity constraint violation: 1062 Duplicate entry '2026-01-15 12:15:51' for key 'PRIMARY' at C:\\Users\\devin\\Documents\\SynologyDrive\\Privat\\Serv24\\Laravel-VueJS\\Kopie-UCP-web-UI\\src\\vendor\\laravel\\framework\\src\\Illuminate\\Database\\Connection.php:612)
[stacktrace]
#0 C:\\Users\\devin\\Documents\\SynologyDrive\\Privat\\Serv24\\Laravel-VueJS\\Kopie-UCP-web-UI\\src\\vendor\\laravel\\framework\\src\\Illuminate\\Database\\Connection.php(612): PDOStatement->execute()
#1 C:\\Users\\devin\\Documents\\SynologyDrive\\Privat\\Serv24\\Laravel-VueJS\\Kopie-UCP-web-UI\\src\\vendor\\laravel\\framework\\src\\Illuminate\\Database\\Connection.php(816): Illuminate\\Database\\Connection->Illuminate\\Database\\{closure}('update `timeser...', Array)
#2 C:\\Users\\devin\\Documents\\SynologyDrive\\Privat\\Serv24\\Laravel-VueJS\\Kopie-UCP-web-UI\\src\\vendor\\laravel\\framework\\src\\Illuminate\\Database\\Connection.php(783): Illuminate\\Database\\Connection->runQueryCallback('update `timeser...', Array, Object(Closure))
#3 C:\\Users\\devin\\Documents\\SynologyDrive\\Privat\\Serv24\\Laravel-VueJS\\Kopie-UCP-web-UI\\src\\vendor\\laravel\\framework\\src\\Illuminate\\Database\\Connection.php(600): Illuminate\\Database\\Connection->run('update `timeser...', Array, Object(Closure))
#4 C:\\Users\\devin\\Documents\\SynologyDrive\\Privat\\Serv24\\Laravel-VueJS\\Kopie-UCP-web-UI\\src\\vendor\\laravel\\framework\\src\\Illuminate\\Database\\Connection.php(552): Illuminate\\Database\\Connection->affectingStatement('update `timeser...', Array)
#5 C:\\Users\\devin\\Documents\\SynologyDrive\\Privat\\Serv24\\Laravel-VueJS\\Kopie-UCP-web-UI\\src\\vendor\\laravel\\framework\\src\\Illuminate\\Database\\Query\\Builder.php(3602): Illuminate\\Database\\Connection->update('update `timeser...', Array)
#6 C:\\Users\\devin\\Documents\\SynologyDrive\\Privat\\Serv24\\Laravel-VueJS\\Kopie-UCP-web-UI\\src\\vendor\\laravel\\framework\\src\\Illuminate\\Database\\Query\\Builder.php(3645): Illuminate\\Database\\Query\\Builder->update(Array)
#7 C:\\Users\\devin\\Documents\\SynologyDrive\\Privat\\Serv24\\Laravel-VueJS\\Kopie-UCP-web-UI\\src\\app\\Console\\Commands\\GenerateTimeseriesData.php(63): Illuminate\\Database\\Query\\Builder->updateOrInsert(Array, Array)
#8 C:\\Users\\devin\\Documents\\SynologyDrive\\Privat\\Serv24\\Laravel-VueJS\\Kopie-UCP-web-UI\\src\\vendor\\laravel\\framework\\src\\Illuminate\\Container\\BoundMethod.php(36): App\\Console\\Commands\\GenerateTimeseriesData->handle()
#9 C:\\Users\\devin\\Documents\\SynologyDrive\\Privat\\Serv24\\Laravel-VueJS\\Kopie-UCP-web-UI\\src\\vendor\\laravel\\framework\\src\\Illuminate\\Container\\Util.php(41): Illuminate\\Container\\BoundMethod::Illuminate\\Container\\{closure}()
#10 C:\\Users\\devin\\Documents\\SynologyDrive\\Privat\\Serv24\\Laravel-VueJS\\Kopie-UCP-web-UI\\src\\vendor\\laravel\\framework\\src\\Illuminate\\Container\\BoundMethod.php(93): Illuminate\\Container\\Util::unwrapIfClosure(Object(Closure))
#11 C:\\Users\\devin\\Documents\\SynologyDrive\\Privat\\Serv24\\Laravel-VueJS\\Kopie-UCP-web-UI\\src\\vendor\\laravel\\framework\\src\\Illuminate\\Container\\BoundMethod.php(35): Illuminate\\Container\\BoundMethod::callBoundMethod(Object(Illuminate\\Foundation\\Application), Array, Object(Closure))
#12 C:\\Users\\devin\\Documents\\SynologyDrive\\Privat\\Serv24\\Laravel-VueJS\\Kopie-UCP-web-UI\\src\\vendor\\laravel\\framework\\src\\Illuminate\\Container\\Container.php(662): Illuminate\\Container\\BoundMethod::call(Object(Illuminate\\Foundation\\Application), Array, Array, NULL)
#13 C:\\Users\\devin\\Documents\\SynologyDrive\\Privat\\Serv24\\Laravel-VueJS\\Kopie-UCP-web-UI\\src\\vendor\\laravel\\framework\\src\\Illuminate\\Console\\Command.php(211): Illuminate\\Container\\Container->call(Array)
#14 C:\\Users\\devin\\Documents\\SynologyDrive\\Privat\\Serv24\\Laravel-VueJS\\Kopie-UCP-web-UI\\src\\vendor\\symfony\\console\\Command\\Command.php(326): Illuminate\\Console\\Command->execute(Object(Symfony\\Component\\Console\\Input\\ArgvInput), Object(Illuminate\\Console\\OutputStyle))
#15 C:\\Users\\devin\\Documents\\SynologyDrive\\Privat\\Serv24\\Laravel-VueJS\\Kopie-UCP-web-UI\\src\\vendor\\laravel\\framework\\src\\Illuminate\\Console\\Command.php(180): Symfony\\Component\\Console\\Command\\Command->run(Object(Symfony\\Component\\Console\\Input\\ArgvInput), Object(Illuminate\\Console\\OutputStyle))
#16 C:\\Users\\devin\\Documents\\SynologyDrive\\Privat\\Serv24\\Laravel-VueJS\\Kopie-UCP-web-UI\\src\\vendor\\symfony\\console\\Application.php(1096): Illuminate\\Console\\Command->run(Object(Symfony\\Component\\Console\\Input\\ArgvInput), Object(Symfony\\Component\\Console\\Output\\ConsoleOutput))
#17 C:\\Users\\devin\\Documents\\SynologyDrive\\Privat\\Serv24\\Laravel-VueJS\\Kopie-UCP-web-UI\\src\\vendor\\symfony\\console\\Application.php(324): Symfony\\Component\\Console\\Application->doRunCommand(Object(App\\Console\\Commands\\GenerateTimeseriesData), Object(Symfony\\Component\\Console\\Input\\ArgvInput), Object(Symfony\\Component\\Console\\Output\\ConsoleOutput))
#18 C:\\Users\\devin\\Documents\\SynologyDrive\\Privat\\Serv24\\Laravel-VueJS\\Kopie-UCP-web-UI\\src\\vendor\\symfony\\console\\Application.php(175): Symfony\\Component\\Console\\Application->doRun(Object(Symfony\\Component\\Console\\Input\\ArgvInput), Object(Symfony\\Component\\Console\\Output\\ConsoleOutput))
#19 C:\\Users\\devin\\Documents\\SynologyDrive\\Privat\\Serv24\\Laravel-VueJS\\Kopie-UCP-web-UI\\src\\vendor\\laravel\\framework\\src\\Illuminate\\Foundation\\Console\\Kernel.php(201): Symfony\\Component\\Console\\Application->run(Object(Symfony\\Component\\Console\\Input\\ArgvInput), Object(Symfony\\Component\\Console\\Output\\ConsoleOutput))
#20 C:\\Users\\devin\\Documents\\SynologyDrive\\Privat\\Serv24\\Laravel-VueJS\\Kopie-UCP-web-UI\\src\\artisan(35): Illuminate\\Foundation\\Console\\Kernel->handle(Object(Symfony\\Component\\Console\\Input\\ArgvInput), Object(Symfony\\Component\\Console\\Output\\ConsoleOutput))
#21 {main}
"} 
