[2026-01-21 08:12:45] production.ERROR: Maximum execution time of 60 seconds exceeded {"exception":"[object] (Symfony\\Component\\ErrorHandler\\Error\\FatalError(code: 0): Maximum execution time of 60 seconds exceeded at C:\\Users\\devin\\Documents\\SynologyDrive\\Privat\\Serv24\\Laravel-VueJS\\Kopie-UCP-web-UI\\src\\vendor\\composer\\ClassLoader.php:430)
[stacktrace]
#0 {main}
"} 
[2026-01-21 08:12:45] production.ERROR: Symfony\Component\ErrorHandler\Error\FatalError: Maximum execution time of 60 seconds exceeded in C:\Users\devin\Documents\SynologyDrive\Privat\Serv24\Laravel-VueJS\Kopie-UCP-web-UI\src\vendor\composer\ClassLoader.php:430
Stack trace:
#0 {main} ["Default error handler action performed"] 
[2026-01-21 08:38:12] production.ERROR: Call to undefined function App\Models\locale_get_display_region() {"userId":95,"exception":"[object] (Error(code: 0): Call to undefined function App\\Models\\locale_get_display_region() at C:\\Users\\devin\\Documents\\SynologyDrive\\Privat\\Serv24\\Laravel-VueJS\\Kopie-UCP-web-UI\\src\\app\\Models\\Country.php:54)
[stacktrace]
#0 C:\\Users\\devin\\Documents\\SynologyDrive\\Privat\\Serv24\\Laravel-VueJS\\Kopie-UCP-web-UI\\src\\vendor\\laravel\\framework\\src\\Illuminate\\Database\\Eloquent\\Concerns\\HasAttributes.php(658): App\\Models\\Country->getNameAttribute(NULL)
#1 C:\\Users\\devin\\Documents\\SynologyDrive\\Privat\\Serv24\\Laravel-VueJS\\Kopie-UCP-web-UI\\src\\vendor\\laravel\\framework\\src\\Illuminate\\Database\\Eloquent\\Concerns\\HasAttributes.php(2124): Illuminate\\Database\\Eloquent\\Model->mutateAttribute('name', NULL)
#2 C:\\Users\\devin\\Documents\\SynologyDrive\\Privat\\Serv24\\Laravel-VueJS\\Kopie-UCP-web-UI\\src\\vendor\\laravel\\framework\\src\\Illuminate\\Database\\Eloquent\\Concerns\\HasAttributes.php(489): Illuminate\\Database\\Eloquent\\Model->transformModelValue('name', NULL)
#3 C:\\Users\\devin\\Documents\\SynologyDrive\\Privat\\Serv24\\Laravel-VueJS\\Kopie-UCP-web-UI\\src\\vendor\\laravel\\framework\\src\\Illuminate\\Database\\Eloquent\\Concerns\\HasAttributes.php(443): Illuminate\\Database\\Eloquent\\Model->getAttributeValue('name')
#4 C:\\Users\\devin\\Documents\\SynologyDrive\\Privat\\Serv24\\Laravel-VueJS\\Kopie-UCP-web-UI\\src\\vendor\\laravel\\framework\\src\\Illuminate\\Database\\Eloquent\\Model.php(2251): Illuminate\\Database\\Eloquent\\Model->getAttribute('name')
#5 C:\\Users\\devin\\Documents\\SynologyDrive\\Privat\\Serv24\\Laravel-VueJS\\Kopie-UCP-web-UI\\src\\vendor\\laravel\\framework\\src\\Illuminate\\Database\\Eloquent\\Model.php(2299): Illuminate\\Database\\Eloquent\\Model->offsetExists('name')
#6 C:\\Users\\devin\\Documents\\SynologyDrive\\Privat\\Serv24\\Laravel-VueJS\\Kopie-UCP-web-UI\\src\\app\\Models\\Address.php(82): Illuminate\\Database\\Eloquent\\Model->__isset('name')
#7 C:\\Users\\devin\\Documents\\SynologyDrive\\Privat\\Serv24\\Laravel-VueJS\\Kopie-UCP-web-UI\\src\\vendor\\laravel\\framework\\src\\Illuminate\\Database\\Eloquent\\Concerns\\HasAttributes.php(658): App\\Models\\Address->getInOneLineAttribute(NULL)
#8 C:\\Users\\devin\\Documents\\SynologyDrive\\Privat\\Serv24\\Laravel-VueJS\\Kopie-UCP-web-UI\\src\\vendor\\laravel\\framework\\src\\Illuminate\\Database\\Eloquent\\Concerns\\HasAttributes.php(708): Illuminate\\Database\\Eloquent\\Model->mutateAttribute('in_one_line', NULL)
#9 C:\\Users\\devin\\Documents\\SynologyDrive\\Privat\\Serv24\\Laravel-VueJS\\Kopie-UCP-web-UI\\src\\vendor\\laravel\\framework\\src\\Illuminate\\Database\\Eloquent\\Concerns\\HasAttributes.php(214): Illuminate\\Database\\Eloquent\\Model->mutateAttributeForArray('in_one_line', NULL)
#10 C:\\Users\\devin\\Documents\\SynologyDrive\\Privat\\Serv24\\Laravel-VueJS\\Kopie-UCP-web-UI\\src\\vendor\\laravel\\framework\\src\\Illuminate\\Database\\Eloquent\\Model.php(1637): Illuminate\\Database\\Eloquent\\Model->attributesToArray()
#11 C:\\Users\\devin\\Documents\\SynologyDrive\\Privat\\Serv24\\Laravel-VueJS\\Kopie-UCP-web-UI\\src\\vendor\\laravel\\framework\\src\\Illuminate\\Database\\Eloquent\\Concerns\\HasAttributes.php(364): Illuminate\\Database\\Eloquent\\Model->toArray()
#12 C:\\Users\\devin\\Documents\\SynologyDrive\\Privat\\Serv24\\Laravel-VueJS\\Kopie-UCP-web-UI\\src\\vendor\\laravel\\framework\\src\\Illuminate\\Database\\Eloquent\\Model.php(1637): Illuminate\\Database\\Eloquent\\Model->relationsToArray()
#13 C:\\Users\\devin\\Documents\\SynologyDrive\\Privat\\Serv24\\Laravel-VueJS\\Kopie-UCP-web-UI\\src\\vendor\\laravel\\framework\\src\\Illuminate\\Database\\Eloquent\\Concerns\\HasAttributes.php(364): Illuminate\\Database\\Eloquent\\Model->toArray()
#14 C:\\Users\\devin\\Documents\\SynologyDrive\\Privat\\Serv24\\Laravel-VueJS\\Kopie-UCP-web-UI\\src\\vendor\\laravel\\framework\\src\\Illuminate\\Database\\Eloquent\\Model.php(1637): Illuminate\\Database\\Eloquent\\Model->relationsToArray()
#15 C:\\Users\\devin\\Documents\\SynologyDrive\\Privat\\Serv24\\Laravel-VueJS\\Kopie-UCP-web-UI\\src\\vendor\\laravel\\framework\\src\\Illuminate\\Collections\\Traits\\EnumeratesValues.php(919): Illuminate\\Database\\Eloquent\\Model->toArray()
#16 [internal function]: Illuminate\\Support\\Collection->Illuminate\\Support\\Traits\\{closure}(Object(App\\Models\\Device), 0)
#17 C:\\Users\\devin\\Documents\\SynologyDrive\\Privat\\Serv24\\Laravel-VueJS\\Kopie-UCP-web-UI\\src\\vendor\\laravel\\framework\\src\\Illuminate\\Collections\\Arr.php(600): array_map(Object(Closure), Array, Array)
#18 C:\\Users\\devin\\Documents\\SynologyDrive\\Privat\\Serv24\\Laravel-VueJS\\Kopie-UCP-web-UI\\src\\vendor\\laravel\\framework\\src\\Illuminate\\Collections\\Collection.php(778): Illuminate\\Support\\Arr::map(Array, Object(Closure))
#19 C:\\Users\\devin\\Documents\\SynologyDrive\\Privat\\Serv24\\Laravel-VueJS\\Kopie-UCP-web-UI\\src\\vendor\\laravel\\framework\\src\\Illuminate\\Database\\Eloquent\\Collection.php(344): Illuminate\\Support\\Collection->map(Object(Closure))
#20 C:\\Users\\devin\\Documents\\SynologyDrive\\Privat\\Serv24\\Laravel-VueJS\\Kopie-UCP-web-UI\\src\\vendor\\laravel\\framework\\src\\Illuminate\\Collections\\Traits\\EnumeratesValues.php(919): Illuminate\\Database\\Eloquent\\Collection->map(Object(Closure))
#21 C:\\Users\\devin\\Documents\\SynologyDrive\\Privat\\Serv24\\Laravel-VueJS\\Kopie-UCP-web-UI\\src\\vendor\\laravel\\framework\\src\\Illuminate\\Pagination\\LengthAwarePaginator.php(196): Illuminate\\Support\\Collection->toArray()
#22 C:\\Users\\devin\\Documents\\SynologyDrive\\Privat\\Serv24\\Laravel-VueJS\\Kopie-UCP-web-UI\\src\\vendor\\laravel\\framework\\src\\Illuminate\\Pagination\\LengthAwarePaginator.php(218): Illuminate\\Pagination\\LengthAwarePaginator->toArray()
#23 C:\\Users\\devin\\Documents\\SynologyDrive\\Privat\\Serv24\\Laravel-VueJS\\Kopie-UCP-web-UI\\src\\vendor\\laravel\\framework\\src\\Illuminate\\Pagination\\LengthAwarePaginator.php(229): Illuminate\\Pagination\\LengthAwarePaginator->jsonSerialize()
#24 C:\\Users\\devin\\Documents\\SynologyDrive\\Privat\\Serv24\\Laravel-VueJS\\Kopie-UCP-web-UI\\src\\vendor\\laravel\\framework\\src\\Illuminate\\Http\\JsonResponse.php(81): Illuminate\\Pagination\\LengthAwarePaginator->toJson(0)
#25 C:\\Users\\devin\\Documents\\SynologyDrive\\Privat\\Serv24\\Laravel-VueJS\\Kopie-UCP-web-UI\\src\\vendor\\symfony\\http-foundation\\JsonResponse.php(49): Illuminate\\Http\\JsonResponse->setData(Object(Illuminate\\Pagination\\LengthAwarePaginator))
#26 C:\\Users\\devin\\Documents\\SynologyDrive\\Privat\\Serv24\\Laravel-VueJS\\Kopie-UCP-web-UI\\src\\vendor\\laravel\\framework\\src\\Illuminate\\Http\\JsonResponse.php(32): Symfony\\Component\\HttpFoundation\\JsonResponse->__construct(Object(Illuminate\\Pagination\\LengthAwarePaginator), 200, Array, false)
#27 C:\\Users\\devin\\Documents\\SynologyDrive\\Privat\\Serv24\\Laravel-VueJS\\Kopie-UCP-web-UI\\src\\vendor\\laravel\\framework\\src\\Illuminate\\Routing\\Router.php(916): Illuminate\\Http\\JsonResponse->__construct(Object(Illuminate\\Pagination\\LengthAwarePaginator))
#28 C:\\Users\\devin\\Documents\\SynologyDrive\\Privat\\Serv24\\Laravel-VueJS\\Kopie-UCP-web-UI\\src\\vendor\\laravel\\framework\\src\\Illuminate\\Routing\\Router.php(885): Illuminate\\Routing\\Router::toResponse(Object(Illuminate\\Http\\Request), Object(Illuminate\\Pagination\\LengthAwarePaginator))
#29 C:\\Users\\devin\\Documents\\SynologyDrive\\Privat\\Serv24\\Laravel-VueJS\\Kopie-UCP-web-UI\\src\\vendor\\laravel\\framework\\src\\Illuminate\\Routing\\Router.php(805): Illuminate\\Routing\\Router->prepareResponse(Object(Illuminate\\Http\\Request), Object(Illuminate\\Pagination\\LengthAwarePaginator))
#30 C:\\Users\\devin\\Documents\\SynologyDrive\\Privat\\Serv24\\Laravel-VueJS\\Kopie-UCP-web-UI\\src\\vendor\\laravel\\framework\\src\\Illuminate\\Pipeline\\Pipeline.php(144): Illuminate\\Routing\\Router->Illuminate\\Routing\\{closure}(Object(Illuminate\\Http\\Request))
#31 C:\\Users\\devin\\Documents\\SynologyDrive\\Privat\\Serv24\\Laravel-VueJS\\Kopie-UCP-web-UI\\src\\app\\Http\\Middleware\\ApiRequestMiddleware.php(16): Illuminate\\Pipeline\\Pipeline->Illuminate\\Pipeline\\{closure}(Object(Illuminate\\Http\\Request))
#32 C:\\Users\\devin\\Documents\\SynologyDrive\\Privat\\Serv24\\Laravel-VueJS\\Kopie-UCP-web-UI\\src\\vendor\\laravel\\framework\\src\\Illuminate\\Pipeline\\Pipeline.php(183): App\\Http\\Middleware\\ApiRequestMiddleware->handle(Object(Illuminate\\Http\\Request), Object(Closure))
#33 C:\\Users\\devin\\Documents\\SynologyDrive\\Privat\\Serv24\\Laravel-VueJS\\Kopie-UCP-web-UI\\src\\app\\Http\\Middleware\\SetTimezoneMiddleware.php(24): Illuminate\\Pipeline\\Pipeline->Illuminate\\Pipeline\\{closure}(Object(Illuminate\\Http\\Request))
#34 C:\\Users\\devin\\Documents\\SynologyDrive\\Privat\\Serv24\\Laravel-VueJS\\Kopie-UCP-web-UI\\src\\vendor\\laravel\\framework\\src\\Illuminate\\Pipeline\\Pipeline.php(183): App\\Http\\Middleware\\SetTimezoneMiddleware->handle(Object(Illuminate\\Http\\Request), Object(Closure))
#35 C:\\Users\\devin\\Documents\\SynologyDrive\\Privat\\Serv24\\Laravel-VueJS\\Kopie-UCP-web-UI\\src\\vendor\\barryvdh\\laravel-debugbar\\src\\Middleware\\InjectDebugbar.php(59): Illuminate\\Pipeline\\Pipeline->Illuminate\\Pipeline\\{closure}(Object(Illuminate\\Http\\Request))
#36 C:\\Users\\devin\\Documents\\SynologyDrive\\Privat\\Serv24\\Laravel-VueJS\\Kopie-UCP-web-UI\\src\\vendor\\laravel\\framework\\src\\Illuminate\\Pipeline\\Pipeline.php(183): Barryvdh\\Debugbar\\Middleware\\InjectDebugbar->handle(Object(Illuminate\\Http\\Request), Object(Closure))
#37 C:\\Users\\devin\\Documents\\SynologyDrive\\Privat\\Serv24\\Laravel-VueJS\\Kopie-UCP-web-UI\\src\\app\\Http\\Middleware\\SetupAccountDataForSession.php(21): Illuminate\\Pipeline\\Pipeline->Illuminate\\Pipeline\\{closure}(Object(Illuminate\\Http\\Request))
#38 C:\\Users\\devin\\Documents\\SynologyDrive\\Privat\\Serv24\\Laravel-VueJS\\Kopie-UCP-web-UI\\src\\vendor\\laravel\\framework\\src\\Illuminate\\Pipeline\\Pipeline.php(183): App\\Http\\Middleware\\SetupAccountDataForSession->handle(Object(Illuminate\\Http\\Request), Object(Closure))
#39 C:\\Users\\devin\\Documents\\SynologyDrive\\Privat\\Serv24\\Laravel-VueJS\\Kopie-UCP-web-UI\\src\\app\\Http\\Middleware\\SynchronizeJsonProfile.php(22): Illuminate\\Pipeline\\Pipeline->Illuminate\\Pipeline\\{closure}(Object(Illuminate\\Http\\Request))
#40 C:\\Users\\devin\\Documents\\SynologyDrive\\Privat\\Serv24\\Laravel-VueJS\\Kopie-UCP-web-UI\\src\\vendor\\laravel\\framework\\src\\Illuminate\\Pipeline\\Pipeline.php(183): App\\Http\\Middleware\\SynchronizeJsonProfile->handle(Object(Illuminate\\Http\\Request), Object(Closure))
#41 C:\\Users\\devin\\Documents\\SynologyDrive\\Privat\\Serv24\\Laravel-VueJS\\Kopie-UCP-web-UI\\src\\app\\Http\\Middleware\\KeepPreviousUrl.php(26): Illuminate\\Pipeline\\Pipeline->Illuminate\\Pipeline\\{closure}(Object(Illuminate\\Http\\Request))
#42 C:\\Users\\devin\\Documents\\SynologyDrive\\Privat\\Serv24\\Laravel-VueJS\\Kopie-UCP-web-UI\\src\\vendor\\laravel\\framework\\src\\Illuminate\\Pipeline\\Pipeline.php(183): App\\Http\\Middleware\\KeepPreviousUrl->handle(Object(Illuminate\\Http\\Request), Object(Closure))
#43 C:\\Users\\devin\\Documents\\SynologyDrive\\Privat\\Serv24\\Laravel-VueJS\\Kopie-UCP-web-UI\\src\\app\\Http\\Middleware\\BlockTechnicalUserForExternalLink.php(56): Illuminate\\Pipeline\\Pipeline->Illuminate\\Pipeline\\{closure}(Object(Illuminate\\Http\\Request))
#44 C:\\Users\\devin\\Documents\\SynologyDrive\\Privat\\Serv24\\Laravel-VueJS\\Kopie-UCP-web-UI\\src\\vendor\\laravel\\framework\\src\\Illuminate\\Pipeline\\Pipeline.php(183): App\\Http\\Middleware\\BlockTechnicalUserForExternalLink->handle(Object(Illuminate\\Http\\Request), Object(Closure))
#45 C:\\Users\\devin\\Documents\\SynologyDrive\\Privat\\Serv24\\Laravel-VueJS\\Kopie-UCP-web-UI\\src\\app\\Http\\Middleware\\Localization.php(23): Illuminate\\Pipeline\\Pipeline->Illuminate\\Pipeline\\{closure}(Object(Illuminate\\Http\\Request))
#46 C:\\Users\\devin\\Documents\\SynologyDrive\\Privat\\Serv24\\Laravel-VueJS\\Kopie-UCP-web-UI\\src\\vendor\\laravel\\framework\\src\\Illuminate\\Pipeline\\Pipeline.php(183): App\\Http\\Middleware\\Localization->handle(Object(Illuminate\\Http\\Request), Object(Closure))
#47 C:\\Users\\devin\\Documents\\SynologyDrive\\Privat\\Serv24\\Laravel-VueJS\\Kopie-UCP-web-UI\\src\\vendor\\laravel\\framework\\src\\Illuminate\\Routing\\Middleware\\SubstituteBindings.php(50): Illuminate\\Pipeline\\Pipeline->Illuminate\\Pipeline\\{closure}(Object(Illuminate\\Http\\Request))
#48 C:\\Users\\devin\\Documents\\SynologyDrive\\Privat\\Serv24\\Laravel-VueJS\\Kopie-UCP-web-UI\\src\\vendor\\laravel\\framework\\src\\Illuminate\\Pipeline\\Pipeline.php(183): Illuminate\\Routing\\Middleware\\SubstituteBindings->handle(Object(Illuminate\\Http\\Request), Object(Closure))
#49 C:\\Users\\devin\\Documents\\SynologyDrive\\Privat\\Serv24\\Laravel-VueJS\\Kopie-UCP-web-UI\\src\\vendor\\laravel\\framework\\src\\Illuminate\\Auth\\Middleware\\Authenticate.php(57): Illuminate\\Pipeline\\Pipeline->Illuminate\\Pipeline\\{closure}(Object(Illuminate\\Http\\Request))
#50 C:\\Users\\devin\\Documents\\SynologyDrive\\Privat\\Serv24\\Laravel-VueJS\\Kopie-UCP-web-UI\\src\\vendor\\laravel\\framework\\src\\Illuminate\\Pipeline\\Pipeline.php(183): Illuminate\\Auth\\Middleware\\Authenticate->handle(Object(Illuminate\\Http\\Request), Object(Closure))
#51 C:\\Users\\devin\\Documents\\SynologyDrive\\Privat\\Serv24\\Laravel-VueJS\\Kopie-UCP-web-UI\\src\\vendor\\laravel\\framework\\src\\Illuminate\\Foundation\\Http\\Middleware\\VerifyCsrfToken.php(78): Illuminate\\Pipeline\\Pipeline->Illuminate\\Pipeline\\{closure}(Object(Illuminate\\Http\\Request))
#52 C:\\Users\\devin\\Documents\\SynologyDrive\\Privat\\Serv24\\Laravel-VueJS\\Kopie-UCP-web-UI\\src\\vendor\\laravel\\framework\\src\\Illuminate\\Pipeline\\Pipeline.php(183): Illuminate\\Foundation\\Http\\Middleware\\VerifyCsrfToken->handle(Object(Illuminate\\Http\\Request), Object(Closure))
#53 C:\\Users\\devin\\Documents\\SynologyDrive\\Privat\\Serv24\\Laravel-VueJS\\Kopie-UCP-web-UI\\src\\vendor\\laravel\\framework\\src\\Illuminate\\View\\Middleware\\ShareErrorsFromSession.php(49): Illuminate\\Pipeline\\Pipeline->Illuminate\\Pipeline\\{closure}(Object(Illuminate\\Http\\Request))
#54 C:\\Users\\devin\\Documents\\SynologyDrive\\Privat\\Serv24\\Laravel-VueJS\\Kopie-UCP-web-UI\\src\\vendor\\laravel\\framework\\src\\Illuminate\\Pipeline\\Pipeline.php(183): Illuminate\\View\\Middleware\\ShareErrorsFromSession->handle(Object(Illuminate\\Http\\Request), Object(Closure))
#55 C:\\Users\\devin\\Documents\\SynologyDrive\\Privat\\Serv24\\Laravel-VueJS\\Kopie-UCP-web-UI\\src\\vendor\\laravel\\framework\\src\\Illuminate\\Session\\Middleware\\StartSession.php(121): Illuminate\\Pipeline\\Pipeline->Illuminate\\Pipeline\\{closure}(Object(Illuminate\\Http\\Request))
#56 C:\\Users\\devin\\Documents\\SynologyDrive\\Privat\\Serv24\\Laravel-VueJS\\Kopie-UCP-web-UI\\src\\vendor\\laravel\\framework\\src\\Illuminate\\Session\\Middleware\\StartSession.php(64): Illuminate\\Session\\Middleware\\StartSession->handleStatefulRequest(Object(Illuminate\\Http\\Request), Object(Illuminate\\Session\\Store), Object(Closure))
#57 C:\\Users\\devin\\Documents\\SynologyDrive\\Privat\\Serv24\\Laravel-VueJS\\Kopie-UCP-web-UI\\src\\vendor\\laravel\\framework\\src\\Illuminate\\Pipeline\\Pipeline.php(183): Illuminate\\Session\\Middleware\\StartSession->handle(Object(Illuminate\\Http\\Request), Object(Closure))
#58 C:\\Users\\devin\\Documents\\SynologyDrive\\Privat\\Serv24\\Laravel-VueJS\\Kopie-UCP-web-UI\\src\\vendor\\laravel\\framework\\src\\Illuminate\\Cookie\\Middleware\\AddQueuedCookiesToResponse.php(37): Illuminate\\Pipeline\\Pipeline->Illuminate\\Pipeline\\{closure}(Object(Illuminate\\Http\\Request))
#59 C:\\Users\\devin\\Documents\\SynologyDrive\\Privat\\Serv24\\Laravel-VueJS\\Kopie-UCP-web-UI\\src\\vendor\\laravel\\framework\\src\\Illuminate\\Pipeline\\Pipeline.php(183): Illuminate\\Cookie\\Middleware\\AddQueuedCookiesToResponse->handle(Object(Illuminate\\Http\\Request), Object(Closure))
#60 C:\\Users\\devin\\Documents\\SynologyDrive\\Privat\\Serv24\\Laravel-VueJS\\Kopie-UCP-web-UI\\src\\vendor\\laravel\\framework\\src\\Illuminate\\Cookie\\Middleware\\EncryptCookies.php(67): Illuminate\\Pipeline\\Pipeline->Illuminate\\Pipeline\\{closure}(Object(Illuminate\\Http\\Request))
#61 C:\\Users\\devin\\Documents\\SynologyDrive\\Privat\\Serv24\\Laravel-VueJS\\Kopie-UCP-web-UI\\src\\vendor\\laravel\\framework\\src\\Illuminate\\Pipeline\\Pipeline.php(183): Illuminate\\Cookie\\Middleware\\EncryptCookies->handle(Object(Illuminate\\Http\\Request), Object(Closure))
#62 C:\\Users\\devin\\Documents\\SynologyDrive\\Privat\\Serv24\\Laravel-VueJS\\Kopie-UCP-web-UI\\src\\vendor\\laravel\\framework\\src\\Illuminate\\Pipeline\\Pipeline.php(119): Illuminate\\Pipeline\\Pipeline->Illuminate\\Pipeline\\{closure}(Object(Illuminate\\Http\\Request))
#63 C:\\Users\\devin\\Documents\\SynologyDrive\\Privat\\Serv24\\Laravel-VueJS\\Kopie-UCP-web-UI\\src\\vendor\\laravel\\framework\\src\\Illuminate\\Routing\\Router.php(805): Illuminate\\Pipeline\\Pipeline->then(Object(Closure))
#64 C:\\Users\\devin\\Documents\\SynologyDrive\\Privat\\Serv24\\Laravel-VueJS\\Kopie-UCP-web-UI\\src\\vendor\\laravel\\framework\\src\\Illuminate\\Routing\\Router.php(784): Illuminate\\Routing\\Router->runRouteWithinStack(Object(Illuminate\\Routing\\Route), Object(Illuminate\\Http\\Request))
#65 C:\\Users\\devin\\Documents\\SynologyDrive\\Privat\\Serv24\\Laravel-VueJS\\Kopie-UCP-web-UI\\src\\vendor\\laravel\\framework\\src\\Illuminate\\Routing\\Router.php(748): Illuminate\\Routing\\Router->runRoute(Object(Illuminate\\Http\\Request), Object(Illuminate\\Routing\\Route))
#66 C:\\Users\\devin\\Documents\\SynologyDrive\\Privat\\Serv24\\Laravel-VueJS\\Kopie-UCP-web-UI\\src\\vendor\\laravel\\framework\\src\\Illuminate\\Routing\\Router.php(737): Illuminate\\Routing\\Router->dispatchToRoute(Object(Illuminate\\Http\\Request))
#67 C:\\Users\\devin\\Documents\\SynologyDrive\\Privat\\Serv24\\Laravel-VueJS\\Kopie-UCP-web-UI\\src\\vendor\\laravel\\framework\\src\\Illuminate\\Foundation\\Http\\Kernel.php(200): Illuminate\\Routing\\Router->dispatch(Object(Illuminate\\Http\\Request))
#68 C:\\Users\\devin\\Documents\\SynologyDrive\\Privat\\Serv24\\Laravel-VueJS\\Kopie-UCP-web-UI\\src\\vendor\\laravel\\framework\\src\\Illuminate\\Pipeline\\Pipeline.php(144): Illuminate\\Foundation\\Http\\Kernel->Illuminate\\Foundation\\Http\\{closure}(Object(Illuminate\\Http\\Request))
#69 C:\\Users\\devin\\Documents\\SynologyDrive\\Privat\\Serv24\\Laravel-VueJS\\Kopie-UCP-web-UI\\src\\vendor\\livewire\\livewire\\src\\DisableBrowserCache.php(19): Illuminate\\Pipeline\\Pipeline->Illuminate\\Pipeline\\{closure}(Object(Illuminate\\Http\\Request))
#70 C:\\Users\\devin\\Documents\\SynologyDrive\\Privat\\Serv24\\Laravel-VueJS\\Kopie-UCP-web-UI\\src\\vendor\\laravel\\framework\\src\\Illuminate\\Pipeline\\Pipeline.php(183): Livewire\\DisableBrowserCache->handle(Object(Illuminate\\Http\\Request), Object(Closure))
#71 C:\\Users\\devin\\Documents\\SynologyDrive\\Privat\\Serv24\\Laravel-VueJS\\Kopie-UCP-web-UI\\src\\vendor\\barryvdh\\laravel-debugbar\\src\\Middleware\\InjectDebugbar.php(59): Illuminate\\Pipeline\\Pipeline->Illuminate\\Pipeline\\{closure}(Object(Illuminate\\Http\\Request))
#72 C:\\Users\\devin\\Documents\\SynologyDrive\\Privat\\Serv24\\Laravel-VueJS\\Kopie-UCP-web-UI\\src\\vendor\\laravel\\framework\\src\\Illuminate\\Pipeline\\Pipeline.php(183): Barryvdh\\Debugbar\\Middleware\\InjectDebugbar->handle(Object(Illuminate\\Http\\Request), Object(Closure))
#73 C:\\Users\\devin\\Documents\\SynologyDrive\\Privat\\Serv24\\Laravel-VueJS\\Kopie-UCP-web-UI\\src\\app\\Http\\Middleware\\DisableSourceMaps.php(23): Illuminate\\Pipeline\\Pipeline->Illuminate\\Pipeline\\{closure}(Object(Illuminate\\Http\\Request))
#74 C:\\Users\\devin\\Documents\\SynologyDrive\\Privat\\Serv24\\Laravel-VueJS\\Kopie-UCP-web-UI\\src\\vendor\\laravel\\framework\\src\\Illuminate\\Pipeline\\Pipeline.php(183): App\\Http\\Middleware\\DisableSourceMaps->handle(Object(Illuminate\\Http\\Request), Object(Closure))
#75 C:\\Users\\devin\\Documents\\SynologyDrive\\Privat\\Serv24\\Laravel-VueJS\\Kopie-UCP-web-UI\\src\\vendor\\laravel\\framework\\src\\Illuminate\\Foundation\\Http\\Middleware\\TransformsRequest.php(21): Illuminate\\Pipeline\\Pipeline->Illuminate\\Pipeline\\{closure}(Object(Illuminate\\Http\\Request))
#76 C:\\Users\\devin\\Documents\\SynologyDrive\\Privat\\Serv24\\Laravel-VueJS\\Kopie-UCP-web-UI\\src\\vendor\\laravel\\framework\\src\\Illuminate\\Foundation\\Http\\Middleware\\ConvertEmptyStringsToNull.php(31): Illuminate\\Foundation\\Http\\Middleware\\TransformsRequest->handle(Object(Illuminate\\Http\\Request), Object(Closure))
#77 C:\\Users\\devin\\Documents\\SynologyDrive\\Privat\\Serv24\\Laravel-VueJS\\Kopie-UCP-web-UI\\src\\vendor\\laravel\\framework\\src\\Illuminate\\Pipeline\\Pipeline.php(183): Illuminate\\Foundation\\Http\\Middleware\\ConvertEmptyStringsToNull->handle(Object(Illuminate\\Http\\Request), Object(Closure))
#78 C:\\Users\\devin\\Documents\\SynologyDrive\\Privat\\Serv24\\Laravel-VueJS\\Kopie-UCP-web-UI\\src\\vendor\\laravel\\framework\\src\\Illuminate\\Foundation\\Http\\Middleware\\TransformsRequest.php(21): Illuminate\\Pipeline\\Pipeline->Illuminate\\Pipeline\\{closure}(Object(Illuminate\\Http\\Request))
#79 C:\\Users\\devin\\Documents\\SynologyDrive\\Privat\\Serv24\\Laravel-VueJS\\Kopie-UCP-web-UI\\src\\vendor\\laravel\\framework\\src\\Illuminate\\Foundation\\Http\\Middleware\\TrimStrings.php(40): Illuminate\\Foundation\\Http\\Middleware\\TransformsRequest->handle(Object(Illuminate\\Http\\Request), Object(Closure))
#80 C:\\Users\\devin\\Documents\\SynologyDrive\\Privat\\Serv24\\Laravel-VueJS\\Kopie-UCP-web-UI\\src\\vendor\\laravel\\framework\\src\\Illuminate\\Pipeline\\Pipeline.php(183): Illuminate\\Foundation\\Http\\Middleware\\TrimStrings->handle(Object(Illuminate\\Http\\Request), Object(Closure))
#81 C:\\Users\\devin\\Documents\\SynologyDrive\\Privat\\Serv24\\Laravel-VueJS\\Kopie-UCP-web-UI\\src\\vendor\\laravel\\framework\\src\\Illuminate\\Foundation\\Http\\Middleware\\ValidatePostSize.php(27): Illuminate\\Pipeline\\Pipeline->Illuminate\\Pipeline\\{closure}(Object(Illuminate\\Http\\Request))
#82 C:\\Users\\devin\\Documents\\SynologyDrive\\Privat\\Serv24\\Laravel-VueJS\\Kopie-UCP-web-UI\\src\\vendor\\laravel\\framework\\src\\Illuminate\\Pipeline\\Pipeline.php(183): Illuminate\\Foundation\\Http\\Middleware\\ValidatePostSize->handle(Object(Illuminate\\Http\\Request), Object(Closure))
#83 C:\\Users\\devin\\Documents\\SynologyDrive\\Privat\\Serv24\\Laravel-VueJS\\Kopie-UCP-web-UI\\src\\vendor\\laravel\\framework\\src\\Illuminate\\Foundation\\Http\\Middleware\\PreventRequestsDuringMaintenance.php(99): Illuminate\\Pipeline\\Pipeline->Illuminate\\Pipeline\\{closure}(Object(Illuminate\\Http\\Request))
#84 C:\\Users\\devin\\Documents\\SynologyDrive\\Privat\\Serv24\\Laravel-VueJS\\Kopie-UCP-web-UI\\src\\vendor\\laravel\\framework\\src\\Illuminate\\Pipeline\\Pipeline.php(183): Illuminate\\Foundation\\Http\\Middleware\\PreventRequestsDuringMaintenance->handle(Object(Illuminate\\Http\\Request), Object(Closure))
#85 C:\\Users\\devin\\Documents\\SynologyDrive\\Privat\\Serv24\\Laravel-VueJS\\Kopie-UCP-web-UI\\src\\vendor\\laravel\\framework\\src\\Illuminate\\Http\\Middleware\\TrustProxies.php(39): Illuminate\\Pipeline\\Pipeline->Illuminate\\Pipeline\\{closure}(Object(Illuminate\\Http\\Request))
#86 C:\\Users\\devin\\Documents\\SynologyDrive\\Privat\\Serv24\\Laravel-VueJS\\Kopie-UCP-web-UI\\src\\vendor\\laravel\\framework\\src\\Illuminate\\Pipeline\\Pipeline.php(183): Illuminate\\Http\\Middleware\\TrustProxies->handle(Object(Illuminate\\Http\\Request), Object(Closure))
#87 C:\\Users\\devin\\Documents\\SynologyDrive\\Privat\\Serv24\\Laravel-VueJS\\Kopie-UCP-web-UI\\src\\vendor\\laravel\\framework\\src\\Illuminate\\Http\\Middleware\\TrustHosts.php(48): Illuminate\\Pipeline\\Pipeline->Illuminate\\Pipeline\\{closure}(Object(Illuminate\\Http\\Request))
#88 C:\\Users\\devin\\Documents\\SynologyDrive\\Privat\\Serv24\\Laravel-VueJS\\Kopie-UCP-web-UI\\src\\vendor\\laravel\\framework\\src\\Illuminate\\Pipeline\\Pipeline.php(183): Illuminate\\Http\\Middleware\\TrustHosts->handle(Object(Illuminate\\Http\\Request), Object(Closure))
#89 C:\\Users\\devin\\Documents\\SynologyDrive\\Privat\\Serv24\\Laravel-VueJS\\Kopie-UCP-web-UI\\src\\app\\Http\\Middleware\\ValidateHostAndUriAgainstProxy.php(36): Illuminate\\Pipeline\\Pipeline->Illuminate\\Pipeline\\{closure}(Object(Illuminate\\Http\\Request))
#90 C:\\Users\\devin\\Documents\\SynologyDrive\\Privat\\Serv24\\Laravel-VueJS\\Kopie-UCP-web-UI\\src\\vendor\\laravel\\framework\\src\\Illuminate\\Pipeline\\Pipeline.php(183): App\\Http\\Middleware\\ValidateHostAndUriAgainstProxy->handle(Object(Illuminate\\Http\\Request), Object(Closure))
#91 C:\\Users\\devin\\Documents\\SynologyDrive\\Privat\\Serv24\\Laravel-VueJS\\Kopie-UCP-web-UI\\src\\vendor\\laravel\\framework\\src\\Illuminate\\Pipeline\\Pipeline.php(119): Illuminate\\Pipeline\\Pipeline->Illuminate\\Pipeline\\{closure}(Object(Illuminate\\Http\\Request))
#92 C:\\Users\\devin\\Documents\\SynologyDrive\\Privat\\Serv24\\Laravel-VueJS\\Kopie-UCP-web-UI\\src\\vendor\\laravel\\framework\\src\\Illuminate\\Foundation\\Http\\Kernel.php(175): Illuminate\\Pipeline\\Pipeline->then(Object(Closure))
#93 C:\\Users\\devin\\Documents\\SynologyDrive\\Privat\\Serv24\\Laravel-VueJS\\Kopie-UCP-web-UI\\src\\vendor\\laravel\\framework\\src\\Illuminate\\Foundation\\Http\\Kernel.php(144): Illuminate\\Foundation\\Http\\Kernel->sendRequestThroughRouter(Object(Illuminate\\Http\\Request))
#94 C:\\Users\\devin\\Documents\\SynologyDrive\\Privat\\Serv24\\Laravel-VueJS\\Kopie-UCP-web-UI\\src\\public\\index.php(51): Illuminate\\Foundation\\Http\\Kernel->handle(Object(Illuminate\\Http\\Request))
#95 C:\\Users\\devin\\Documents\\SynologyDrive\\Privat\\Serv24\\Laravel-VueJS\\Kopie-UCP-web-UI\\src\\server.php(21): require_once('C:\\\\Users\\\\devin\\\\...')
#96 {main}
"} 
[2026-01-21 08:38:12] production.ERROR: Error: Call to undefined function App\Models\locale_get_display_region() in C:\Users\devin\Documents\SynologyDrive\Privat\Serv24\Laravel-VueJS\Kopie-UCP-web-UI\src\app\Models\Country.php:54
Stack trace:
#0 C:\Users\devin\Documents\SynologyDrive\Privat\Serv24\Laravel-VueJS\Kopie-UCP-web-UI\src\vendor\laravel\framework\src\Illuminate\Database\Eloquent\Concerns\HasAttributes.php(658): App\Models\Country->getNameAttribute(NULL)
#1 C:\Users\devin\Documents\SynologyDrive\Privat\Serv24\Laravel-VueJS\Kopie-UCP-web-UI\src\vendor\laravel\framework\src\Illuminate\Database\Eloquent\Concerns\HasAttributes.php(2124): Illuminate\Database\Eloquent\Model->mutateAttribute('name', NULL)
#2 C:\Users\devin\Documents\SynologyDrive\Privat\Serv24\Laravel-VueJS\Kopie-UCP-web-UI\src\vendor\laravel\framework\src\Illuminate\Database\Eloquent\Concerns\HasAttributes.php(489): Illuminate\Database\Eloquent\Model->transformModelValue('name', NULL)
#3 C:\Users\devin\Documents\SynologyDrive\Privat\Serv24\Laravel-VueJS\Kopie-UCP-web-UI\src\vendor\laravel\framework\src\Illuminate\Database\Eloquent\Concerns\HasAttributes.php(443): Illuminate\Database\Eloquent\Model->getAttributeValue('name')
#4 C:\Users\devin\Documents\SynologyDrive\Privat\Serv24\Laravel-VueJS\Kopie-UCP-web-UI\src\vendor\laravel\framework\src\Illuminate\Database\Eloquent\Model.php(2251): Illuminate\Database\Eloquent\Model->getAttribute('name')
#5 C:\Users\devin\Documents\SynologyDrive\Privat\Serv24\Laravel-VueJS\Kopie-UCP-web-UI\src\vendor\laravel\framework\src\Illuminate\Database\Eloquent\Model.php(2299): Illuminate\Database\Eloquent\Model->offsetExists('name')
#6 C:\Users\devin\Documents\SynologyDrive\Privat\Serv24\Laravel-VueJS\Kopie-UCP-web-UI\src\app\Models\Address.php(82): Illuminate\Database\Eloquent\Model->__isset('name')
#7 C:\Users\devin\Documents\SynologyDrive\Privat\Serv24\Laravel-VueJS\Kopie-UCP-web-UI\src\vendor\laravel\framework\src\Illuminate\Database\Eloquent\Concerns\HasAttributes.php(658): App\Models\Address->getInOneLineAttribute(NULL)
#8 C:\Users\devin\Documents\SynologyDrive\Privat\Serv24\Laravel-VueJS\Kopie-UCP-web-UI\src\vendor\laravel\framework\src\Illuminate\Database\Eloquent\Concerns\HasAttributes.php(708): Illuminate\Database\Eloquent\Model->mutateAttribute('in_one_line', NULL)
#9 C:\Users\devin\Documents\SynologyDrive\Privat\Serv24\Laravel-VueJS\Kopie-UCP-web-UI\src\vendor\laravel\framework\src\Illuminate\Database\Eloquent\Concerns\HasAttributes.php(214): Illuminate\Database\Eloquent\Model->mutateAttributeForArray('in_one_line', NULL)
#10 C:\Users\devin\Documents\SynologyDrive\Privat\Serv24\Laravel-VueJS\Kopie-UCP-web-UI\src\vendor\laravel\framework\src\Illuminate\Database\Eloquent\Model.php(1637): Illuminate\Database\Eloquent\Model->attributesToArray()
#11 C:\Users\devin\Documents\SynologyDrive\Privat\Serv24\Laravel-VueJS\Kopie-UCP-web-UI\src\vendor\laravel\framework\src\Illuminate\Database\Eloquent\Concerns\HasAttributes.php(364): Illuminate\Database\Eloquent\Model->toArray()
#12 C:\Users\devin\Documents\SynologyDrive\Privat\Serv24\Laravel-VueJS\Kopie-UCP-web-UI\src\vendor\laravel\framework\src\Illuminate\Database\Eloquent\Model.php(1637): Illuminate\Database\Eloquent\Model->relationsToArray()
#13 C:\Users\devin\Documents\SynologyDrive\Privat\Serv24\Laravel-VueJS\Kopie-UCP-web-UI\src\vendor\laravel\framework\src\Illuminate\Database\Eloquent\Concerns\HasAttributes.php(364): Illuminate\Database\Eloquent\Model->toArray()
#14 C:\Users\devin\Documents\SynologyDrive\Privat\Serv24\Laravel-VueJS\Kopie-UCP-web-UI\src\vendor\laravel\framework\src\Illuminate\Database\Eloquent\Model.php(1637): Illuminate\Database\Eloquent\Model->relationsToArray()
#15 C:\Users\devin\Documents\SynologyDrive\Privat\Serv24\Laravel-VueJS\Kopie-UCP-web-UI\src\vendor\laravel\framework\src\Illuminate\Collections\Traits\EnumeratesValues.php(919): Illuminate\Database\Eloquent\Model->toArray()
#16 [internal function]: Illuminate\Support\Collection->Illuminate\Support\Traits\{closure}(Object(App\Models\Device), 0)
#17 C:\Users\devin\Documents\SynologyDrive\Privat\Serv24\Laravel-VueJS\Kopie-UCP-web-UI\src\vendor\laravel\framework\src\Illuminate\Collections\Arr.php(600): array_map(Object(Closure), Array, Array)
#18 C:\Users\devin\Documents\SynologyDrive\Privat\Serv24\Laravel-VueJS\Kopie-UCP-web-UI\src\vendor\laravel\framework\src\Illuminate\Collections\Collection.php(778): Illuminate\Support\Arr::map(Array, Object(Closure))
#19 C:\Users\devin\Documents\SynologyDrive\Privat\Serv24\Laravel-VueJS\Kopie-UCP-web-UI\src\vendor\laravel\framework\src\Illuminate\Database\Eloquent\Collection.php(344): Illuminate\Support\Collection->map(Object(Closure))
#20 C:\Users\devin\Documents\SynologyDrive\Privat\Serv24\Laravel-VueJS\Kopie-UCP-web-UI\src\vendor\laravel\framework\src\Illuminate\Collections\Traits\EnumeratesValues.php(919): Illuminate\Database\Eloquent\Collection->map(Object(Closure))
#21 C:\Users\devin\Documents\SynologyDrive\Privat\Serv24\Laravel-VueJS\Kopie-UCP-web-UI\src\vendor\laravel\framework\src\Illuminate\Pagination\LengthAwarePaginator.php(196): Illuminate\Support\Collection->toArray()
#22 C:\Users\devin\Documents\SynologyDrive\Privat\Serv24\Laravel-VueJS\Kopie-UCP-web-UI\src\vendor\laravel\framework\src\Illuminate\Pagination\LengthAwarePaginator.php(218): Illuminate\Pagination\LengthAwarePaginator->toArray()
#23 C:\Users\devin\Documents\SynologyDrive\Privat\Serv24\Laravel-VueJS\Kopie-UCP-web-UI\src\vendor\laravel\framework\src\Illuminate\Pagination\LengthAwarePaginator.php(229): Illuminate\Pagination\LengthAwarePaginator->jsonSerialize()
#24 C:\Users\devin\Documents\SynologyDrive\Privat\Serv24\Laravel-VueJS\Kopie-UCP-web-UI\src\vendor\laravel\framework\src\Illuminate\Http\JsonResponse.php(81): Illuminate\Pagination\LengthAwarePaginator->toJson(0)
#25 C:\Users\devin\Documents\SynologyDrive\Privat\Serv24\Laravel-VueJS\Kopie-UCP-web-UI\src\vendor\symfony\http-foundation\JsonResponse.php(49): Illuminate\Http\JsonResponse->setData(Object(Illuminate\Pagination\LengthAwarePaginator))
#26 C:\Users\devin\Documents\SynologyDrive\Privat\Serv24\Laravel-VueJS\Kopie-UCP-web-UI\src\vendor\laravel\framework\src\Illuminate\Http\JsonResponse.php(32): Symfony\Component\HttpFoundation\JsonResponse->__construct(Object(Illuminate\Pagination\LengthAwarePaginator), 200, Array, false)
#27 C:\Users\devin\Documents\SynologyDrive\Privat\Serv24\Laravel-VueJS\Kopie-UCP-web-UI\src\vendor\laravel\framework\src\Illuminate\Routing\Router.php(916): Illuminate\Http\JsonResponse->__construct(Object(Illuminate\Pagination\LengthAwarePaginator))
#28 C:\Users\devin\Documents\SynologyDrive\Privat\Serv24\Laravel-VueJS\Kopie-UCP-web-UI\src\vendor\laravel\framework\src\Illuminate\Routing\Router.php(885): Illuminate\Routing\Router::toResponse(Object(Illuminate\Http\Request), Object(Illuminate\Pagination\LengthAwarePaginator))
#29 C:\Users\devin\Documents\SynologyDrive\Privat\Serv24\Laravel-VueJS\Kopie-UCP-web-UI\src\vendor\laravel\framework\src\Illuminate\Routing\Router.php(805): Illuminate\Routing\Router->prepareResponse(Object(Illuminate\Http\Request), Object(Illuminate\Pagination\LengthAwarePaginator))
#30 C:\Users\devin\Documents\SynologyDrive\Privat\Serv24\Laravel-VueJS\Kopie-UCP-web-UI\src\vendor\laravel\framework\src\Illuminate\Pipeline\Pipeline.php(144): Illuminate\Routing\Router->Illuminate\Routing\{closure}(Object(Illuminate\Http\Request))
#31 C:\Users\devin\Documents\SynologyDrive\Privat\Serv24\Laravel-VueJS\Kopie-UCP-web-UI\src\app\Http\Middleware\ApiRequestMiddleware.php(16): Illuminate\Pipeline\Pipeline->Illuminate\Pipeline\{closure}(Object(Illuminate\Http\Request))
#32 C:\Users\devin\Documents\SynologyDrive\Privat\Serv24\Laravel-VueJS\Kopie-UCP-web-UI\src\vendor\laravel\framework\src\Illuminate\Pipeline\Pipeline.php(183): App\Http\Middleware\ApiRequestMiddleware->handle(Object(Illuminate\Http\Request), Object(Closure))
#33 C:\Users\devin\Documents\SynologyDrive\Privat\Serv24\Laravel-VueJS\Kopie-UCP-web-UI\src\app\Http\Middleware\SetTimezoneMiddleware.php(24): Illuminate\Pipeline\Pipeline->Illuminate\Pipeline\{closure}(Object(Illuminate\Http\Request))
#34 C:\Users\devin\Documents\SynologyDrive\Privat\Serv24\Laravel-VueJS\Kopie-UCP-web-UI\src\vendor\laravel\framework\src\Illuminate\Pipeline\Pipeline.php(183): App\Http\Middleware\SetTimezoneMiddleware->handle(Object(Illuminate\Http\Request), Object(Closure))
#35 C:\Users\devin\Documents\SynologyDrive\Privat\Serv24\Laravel-VueJS\Kopie-UCP-web-UI\src\vendor\barryvdh\laravel-debugbar\src\Middleware\InjectDebugbar.php(59): Illuminate\Pipeline\Pipeline->Illuminate\Pipeline\{closure}(Object(Illuminate\Http\Request))
#36 C:\Users\devin\Documents\SynologyDrive\Privat\Serv24\Laravel-VueJS\Kopie-UCP-web-UI\src\vendor\laravel\framework\src\Illuminate\Pipeline\Pipeline.php(183): Barryvdh\Debugbar\Middleware\InjectDebugbar->handle(Object(Illuminate\Http\Request), Object(Closure))
#37 C:\Users\devin\Documents\SynologyDrive\Privat\Serv24\Laravel-VueJS\Kopie-UCP-web-UI\src\app\Http\Middleware\SetupAccountDataForSession.php(21): Illuminate\Pipeline\Pipeline->Illuminate\Pipeline\{closure}(Object(Illuminate\Http\Request))
#38 C:\Users\devin\Documents\SynologyDrive\Privat\Serv24\Laravel-VueJS\Kopie-UCP-web-UI\src\vendor\laravel\framework\src\Illuminate\Pipeline\Pipeline.php(183): App\Http\Middleware\SetupAccountDataForSession->handle(Object(Illuminate\Http\Request), Object(Closure))
#39 C:\Users\devin\Documents\SynologyDrive\Privat\Serv24\Laravel-VueJS\Kopie-UCP-web-UI\src\app\Http\Middleware\SynchronizeJsonProfile.php(22): Illuminate\Pipeline\Pipeline->Illuminate\Pipeline\{closure}(Object(Illuminate\Http\Request))
#40 C:\Users\devin\Documents\SynologyDrive\Privat\Serv24\Laravel-VueJS\Kopie-UCP-web-UI\src\vendor\laravel\framework\src\Illuminate\Pipeline\Pipeline.php(183): App\Http\Middleware\SynchronizeJsonProfile->handle(Object(Illuminate\Http\Request), Object(Closure))
#41 C:\Users\devin\Documents\SynologyDrive\Privat\Serv24\Laravel-VueJS\Kopie-UCP-web-UI\src\app\Http\Middleware\KeepPreviousUrl.php(26): Illuminate\Pipeline\Pipeline->Illuminate\Pipeline\{closure}(Object(Illuminate\Http\Request))
#42 C:\Users\devin\Documents\SynologyDrive\Privat\Serv24\Laravel-VueJS\Kopie-UCP-web-UI\src\vendor\laravel\framework\src\Illuminate\Pipeline\Pipeline.php(183): App\Http\Middleware\KeepPreviousUrl->handle(Object(Illuminate\Http\Request), Object(Closure))
#43 C:\Users\devin\Documents\SynologyDrive\Privat\Serv24\Laravel-VueJS\Kopie-UCP-web-UI\src\app\Http\Middleware\BlockTechnicalUserForExternalLink.php(56): Illuminate\Pipeline\Pipeline->Illuminate\Pipeline\{closure}(Object(Illuminate\Http\Request))
#44 C:\Users\devin\Documents\SynologyDrive\Privat\Serv24\Laravel-VueJS\Kopie-UCP-web-UI\src\vendor\laravel\framework\src\Illuminate\Pipeline\Pipeline.php(183): App\Http\Middleware\BlockTechnicalUserForExternalLink->handle(Object(Illuminate\Http\Request), Object(Closure))
#45 C:\Users\devin\Documents\SynologyDrive\Privat\Serv24\Laravel-VueJS\Kopie-UCP-web-UI\src\app\Http\Middleware\Localization.php(23): Illuminate\Pipeline\Pipeline->Illuminate\Pipeline\{closure}(Object(Illuminate\Http\Request))
#46 C:\Users\devin\Documents\SynologyDrive\Privat\Serv24\Laravel-VueJS\Kopie-UCP-web-UI\src\vendor\laravel\framework\src\Illuminate\Pipeline\Pipeline.php(183): App\Http\Middleware\Localization->handle(Object(Illuminate\Http\Request), Object(Closure))
#47 C:\Users\devin\Documents\SynologyDrive\Privat\Serv24\Laravel-VueJS\Kopie-UCP-web-UI\src\vendor\laravel\framework\src\Illuminate\Routing\Middleware\SubstituteBindings.php(50): Illuminate\Pipeline\Pipeline->Illuminate\Pipeline\{closure}(Object(Illuminate\Http\Request))
#48 C:\Users\devin\Documents\SynologyDrive\Privat\Serv24\Laravel-VueJS\Kopie-UCP-web-UI\src\vendor\laravel\framework\src\Illuminate\Pipeline\Pipeline.php(183): Illuminate\Routing\Middleware\SubstituteBindings->handle(Object(Illuminate\Http\Request), Object(Closure))
#49 C:\Users\devin\Documents\SynologyDrive\Privat\Serv24\Laravel-VueJS\Kopie-UCP-web-UI\src\vendor\laravel\framework\src\Illuminate\Auth\Middleware\Authenticate.php(57): Illuminate\Pipeline\Pipeline->Illuminate\Pipeline\{closure}(Object(Illuminate\Http\Request))
#50 C:\Users\devin\Documents\SynologyDrive\Privat\Serv24\Laravel-VueJS\Kopie-UCP-web-UI\src\vendor\laravel\framework\src\Illuminate\Pipeline\Pipeline.php(183): Illuminate\Auth\Middleware\Authenticate->handle(Object(Illuminate\Http\Request), Object(Closure))
#51 C:\Users\devin\Documents\SynologyDrive\Privat\Serv24\Laravel-VueJS\Kopie-UCP-web-UI\src\vendor\laravel\framework\src\Illuminate\Foundation\Http\Middleware\VerifyCsrfToken.php(78): Illuminate\Pipeline\Pipeline->Illuminate\Pipeline\{closure}(Object(Illuminate\Http\Request))
#52 C:\Users\devin\Documents\SynologyDrive\Privat\Serv24\Laravel-VueJS\Kopie-UCP-web-UI\src\vendor\laravel\framework\src\Illuminate\Pipeline\Pipeline.php(183): Illuminate\Foundation\Http\Middleware\VerifyCsrfToken->handle(Object(Illuminate\Http\Request), Object(Closure))
#53 C:\Users\devin\Documents\SynologyDrive\Privat\Serv24\Laravel-VueJS\Kopie-UCP-web-UI\src\vendor\laravel\framework\src\Illuminate\View\Middleware\ShareErrorsFromSession.php(49): Illuminate\Pipeline\Pipeline->Illuminate\Pipeline\{closure}(Object(Illuminate\Http\Request))
#54 C:\Users\devin\Documents\SynologyDrive\Privat\Serv24\Laravel-VueJS\Kopie-UCP-web-UI\src\vendor\laravel\framework\src\Illuminate\Pipeline\Pipeline.php(183): Illuminate\View\Middleware\ShareErrorsFromSession->handle(Object(Illuminate\Http\Request), Object(Closure))
#55 C:\Users\devin\Documents\SynologyDrive\Privat\Serv24\Laravel-VueJS\Kopie-UCP-web-UI\src\vendor\laravel\framework\src\Illuminate\Session\Middleware\StartSession.php(121): Illuminate\Pipeline\Pipeline->Illuminate\Pipeline\{closure}(Object(Illuminate\Http\Request))
#56 C:\Users\devin\Documents\SynologyDrive\Privat\Serv24\Laravel-VueJS\Kopie-UCP-web-UI\src\vendor\laravel\framework\src\Illuminate\Session\Middleware\StartSession.php(64): Illuminate\Session\Middleware\StartSession->handleStatefulRequest(Object(Illuminate\Http\Request), Object(Illuminate\Session\Store), Object(Closure))
#57 C:\Users\devin\Documents\SynologyDrive\Privat\Serv24\Laravel-VueJS\Kopie-UCP-web-UI\src\vendor\laravel\framework\src\Illuminate\Pipeline\Pipeline.php(183): Illuminate\Session\Middleware\StartSession->handle(Object(Illuminate\Http\Request), Object(Closure))
#58 C:\Users\devin\Documents\SynologyDrive\Privat\Serv24\Laravel-VueJS\Kopie-UCP-web-UI\src\vendor\laravel\framework\src\Illuminate\Cookie\Middleware\AddQueuedCookiesToResponse.php(37): Illuminate\Pipeline\Pipeline->Illuminate\Pipeline\{closure}(Object(Illuminate\Http\Request))
#59 C:\Users\devin\Documents\SynologyDrive\Privat\Serv24\Laravel-VueJS\Kopie-UCP-web-UI\src\vendor\laravel\framework\src\Illuminate\Pipeline\Pipeline.php(183): Illuminate\Cookie\Middleware\AddQueuedCookiesToResponse->handle(Object(Illuminate\Http\Request), Object(Closure))
#60 C:\Users\devin\Documents\SynologyDrive\Privat\Serv24\Laravel-VueJS\Kopie-UCP-web-UI\src\vendor\laravel\framework\src\Illuminate\Cookie\Middleware\EncryptCookies.php(67): Illuminate\Pipeline\Pipeline->Illuminate\Pipeline\{closure}(Object(Illuminate\Http\Request))
#61 C:\Users\devin\Documents\SynologyDrive\Privat\Serv24\Laravel-VueJS\Kopie-UCP-web-UI\src\vendor\laravel\framework\src\Illuminate\Pipeline\Pipeline.php(183): Illuminate\Cookie\Middleware\EncryptCookies->handle(Object(Illuminate\Http\Request), Object(Closure))
#62 C:\Users\devin\Documents\SynologyDrive\Privat\Serv24\Laravel-VueJS\Kopie-UCP-web-UI\src\vendor\laravel\framework\src\Illuminate\Pipeline\Pipeline.php(119): Illuminate\Pipeline\Pipeline->Illuminate\Pipeline\{closure}(Object(Illuminate\Http\Request))
#63 C:\Users\devin\Documents\SynologyDrive\Privat\Serv24\Laravel-VueJS\Kopie-UCP-web-UI\src\vendor\laravel\framework\src\Illuminate\Routing\Router.php(805): Illuminate\Pipeline\Pipeline->then(Object(Closure))
#64 C:\Users\devin\Documents\SynologyDrive\Privat\Serv24\Laravel-VueJS\Kopie-UCP-web-UI\src\vendor\laravel\framework\src\Illuminate\Routing\Router.php(784): Illuminate\Routing\Router->runRouteWithinStack(Object(Illuminate\Routing\Route), Object(Illuminate\Http\Request))
#65 C:\Users\devin\Documents\SynologyDrive\Privat\Serv24\Laravel-VueJS\Kopie-UCP-web-UI\src\vendor\laravel\framework\src\Illuminate\Routing\Router.php(748): Illuminate\Routing\Router->runRoute(Object(Illuminate\Http\Request), Object(Illuminate\Routing\Route))
#66 C:\Users\devin\Documents\SynologyDrive\Privat\Serv24\Laravel-VueJS\Kopie-UCP-web-UI\src\vendor\laravel\framework\src\Illuminate\Routing\Router.php(737): Illuminate\Routing\Router->dispatchToRoute(Object(Illuminate\Http\Request))
#67 C:\Users\devin\Documents\SynologyDrive\Privat\Serv24\Laravel-VueJS\Kopie-UCP-web-UI\src\vendor\laravel\framework\src\Illuminate\Foundation\Http\Kernel.php(200): Illuminate\Routing\Router->dispatch(Object(Illuminate\Http\Request))
#68 C:\Users\devin\Documents\SynologyDrive\Privat\Serv24\Laravel-VueJS\Kopie-UCP-web-UI\src\vendor\laravel\framework\src\Illuminate\Pipeline\Pipeline.php(144): Illuminate\Foundation\Http\Kernel->Illuminate\Foundation\Http\{closure}(Object(Illuminate\Http\Request))
#69 C:\Users\devin\Documents\SynologyDrive\Privat\Serv24\Laravel-VueJS\Kopie-UCP-web-UI\src\vendor\livewire\livewire\src\DisableBrowserCache.php(19): Illuminate\Pipeline\Pipeline->Illuminate\Pipeline\{closure}(Object(Illuminate\Http\Request))
#70 C:\Users\devin\Documents\SynologyDrive\Privat\Serv24\Laravel-VueJS\Kopie-UCP-web-UI\src\vendor\laravel\framework\src\Illuminate\Pipeline\Pipeline.php(183): Livewire\DisableBrowserCache->handle(Object(Illuminate\Http\Request), Object(Closure))
#71 C:\Users\devin\Documents\SynologyDrive\Privat\Serv24\Laravel-VueJS\Kopie-UCP-web-UI\src\vendor\barryvdh\laravel-debugbar\src\Middleware\InjectDebugbar.php(59): Illuminate\Pipeline\Pipeline->Illuminate\Pipeline\{closure}(Object(Illuminate\Http\Request))
#72 C:\Users\devin\Documents\SynologyDrive\Privat\Serv24\Laravel-VueJS\Kopie-UCP-web-UI\src\vendor\laravel\framework\src\Illuminate\Pipeline\Pipeline.php(183): Barryvdh\Debugbar\Middleware\InjectDebugbar->handle(Object(Illuminate\Http\Request), Object(Closure))
#73 C:\Users\devin\Documents\SynologyDrive\Privat\Serv24\Laravel-VueJS\Kopie-UCP-web-UI\src\app\Http\Middleware\DisableSourceMaps.php(23): Illuminate\Pipeline\Pipeline->Illuminate\Pipeline\{closure}(Object(Illuminate\Http\Request))
#74 C:\Users\devin\Documents\SynologyDrive\Privat\Serv24\Laravel-VueJS\Kopie-UCP-web-UI\src\vendor\laravel\framework\src\Illuminate\Pipeline\Pipeline.php(183): App\Http\Middleware\DisableSourceMaps->handle(Object(Illuminate\Http\Request), Object(Closure))
#75 C:\Users\devin\Documents\SynologyDrive\Privat\Serv24\Laravel-VueJS\Kopie-UCP-web-UI\src\vendor\laravel\framework\src\Illuminate\Foundation\Http\Middleware\TransformsRequest.php(21): Illuminate\Pipeline\Pipeline->Illuminate\Pipeline\{closure}(Object(Illuminate\Http\Request))
#76 C:\Users\devin\Documents\SynologyDrive\Privat\Serv24\Laravel-VueJS\Kopie-UCP-web-UI\src\vendor\laravel\framework\src\Illuminate\Foundation\Http\Middleware\ConvertEmptyStringsToNull.php(31): Illuminate\Foundation\Http\Middleware\TransformsRequest->handle(Object(Illuminate\Http\Request), Object(Closure))
#77 C:\Users\devin\Documents\SynologyDrive\Privat\Serv24\Laravel-VueJS\Kopie-UCP-web-UI\src\vendor\laravel\framework\src\Illuminate\Pipeline\Pipeline.php(183): Illuminate\Foundation\Http\Middleware\ConvertEmptyStringsToNull->handle(Object(Illuminate\Http\Request), Object(Closure))
#78 C:\Users\devin\Documents\SynologyDrive\Privat\Serv24\Laravel-VueJS\Kopie-UCP-web-UI\src\vendor\laravel\framework\src\Illuminate\Foundation\Http\Middleware\TransformsRequest.php(21): Illuminate\Pipeline\Pipeline->Illuminate\Pipeline\{closure}(Object(Illuminate\Http\Request))
#79 C:\Users\devin\Documents\SynologyDrive\Privat\Serv24\Laravel-VueJS\Kopie-UCP-web-UI\src\vendor\laravel\framework\src\Illuminate\Foundation\Http\Middleware\TrimStrings.php(40): Illuminate\Foundation\Http\Middleware\TransformsRequest->handle(Object(Illuminate\Http\Request), Object(Closure))
#80 C:\Users\devin\Documents\SynologyDrive\Privat\Serv24\Laravel-VueJS\Kopie-UCP-web-UI\src\vendor\laravel\framework\src\Illuminate\Pipeline\Pipeline.php(183): Illuminate\Foundation\Http\Middleware\TrimStrings->handle(Object(Illuminate\Http\Request), Object(Closure))
#81 C:\Users\devin\Documents\SynologyDrive\Privat\Serv24\Laravel-VueJS\Kopie-UCP-web-UI\src\vendor\laravel\framework\src\Illuminate\Foundation\Http\Middleware\ValidatePostSize.php(27): Illuminate\Pipeline\Pipeline->Illuminate\Pipeline\{closure}(Object(Illuminate\Http\Request))
#82 C:\Users\devin\Documents\SynologyDrive\Privat\Serv24\Laravel-VueJS\Kopie-UCP-web-UI\src\vendor\laravel\framework\src\Illuminate\Pipeline\Pipeline.php(183): Illuminate\Foundation\Http\Middleware\ValidatePostSize->handle(Object(Illuminate\Http\Request), Object(Closure))
#83 C:\Users\devin\Documents\SynologyDrive\Privat\Serv24\Laravel-VueJS\Kopie-UCP-web-UI\src\vendor\laravel\framework\src\Illuminate\Foundation\Http\Middleware\PreventRequestsDuringMaintenance.php(99): Illuminate\Pipeline\Pipeline->Illuminate\Pipeline\{closure}(Object(Illuminate\Http\Request))
#84 C:\Users\devin\Documents\SynologyDrive\Privat\Serv24\Laravel-VueJS\Kopie-UCP-web-UI\src\vendor\laravel\framework\src\Illuminate\Pipeline\Pipeline.php(183): Illuminate\Foundation\Http\Middleware\PreventRequestsDuringMaintenance->handle(Object(Illuminate\Http\Request), Object(Closure))
#85 C:\Users\devin\Documents\SynologyDrive\Privat\Serv24\Laravel-VueJS\Kopie-UCP-web-UI\src\vendor\laravel\framework\src\Illuminate\Http\Middleware\TrustProxies.php(39): Illuminate\Pipeline\Pipeline->Illuminate\Pipeline\{closure}(Object(Illuminate\Http\Request))
#86 C:\Users\devin\Documents\SynologyDrive\Privat\Serv24\Laravel-VueJS\Kopie-UCP-web-UI\src\vendor\laravel\framework\src\Illuminate\Pipeline\Pipeline.php(183): Illuminate\Http\Middleware\TrustProxies->handle(Object(Illuminate\Http\Request), Object(Closure))
#87 C:\Users\devin\Documents\SynologyDrive\Privat\Serv24\Laravel-VueJS\Kopie-UCP-web-UI\src\vendor\laravel\framework\src\Illuminate\Http\Middleware\TrustHosts.php(48): Illuminate\Pipeline\Pipeline->Illuminate\Pipeline\{closure}(Object(Illuminate\Http\Request))
#88 C:\Users\devin\Documents\SynologyDrive\Privat\Serv24\Laravel-VueJS\Kopie-UCP-web-UI\src\vendor\laravel\framework\src\Illuminate\Pipeline\Pipeline.php(183): Illuminate\Http\Middleware\TrustHosts->handle(Object(Illuminate\Http\Request), Object(Closure))
#89 C:\Users\devin\Documents\SynologyDrive\Privat\Serv24\Laravel-VueJS\Kopie-UCP-web-UI\src\app\Http\Middleware\ValidateHostAndUriAgainstProxy.php(36): Illuminate\Pipeline\Pipeline->Illuminate\Pipeline\{closure}(Object(Illuminate\Http\Request))
#90 C:\Users\devin\Documents\SynologyDrive\Privat\Serv24\Laravel-VueJS\Kopie-UCP-web-UI\src\vendor\laravel\framework\src\Illuminate\Pipeline\Pipeline.php(183): App\Http\Middleware\ValidateHostAndUriAgainstProxy->handle(Object(Illuminate\Http\Request), Object(Closure))
#91 C:\Users\devin\Documents\SynologyDrive\Privat\Serv24\Laravel-VueJS\Kopie-UCP-web-UI\src\vendor\laravel\framework\src\Illuminate\Pipeline\Pipeline.php(119): Illuminate\Pipeline\Pipeline->Illuminate\Pipeline\{closure}(Object(Illuminate\Http\Request))
#92 C:\Users\devin\Documents\SynologyDrive\Privat\Serv24\Laravel-VueJS\Kopie-UCP-web-UI\src\vendor\laravel\framework\src\Illuminate\Foundation\Http\Kernel.php(175): Illuminate\Pipeline\Pipeline->then(Object(Closure))
#93 C:\Users\devin\Documents\SynologyDrive\Privat\Serv24\Laravel-VueJS\Kopie-UCP-web-UI\src\vendor\laravel\framework\src\Illuminate\Foundation\Http\Kernel.php(144): Illuminate\Foundation\Http\Kernel->sendRequestThroughRouter(Object(Illuminate\Http\Request))
#94 C:\Users\devin\Documents\SynologyDrive\Privat\Serv24\Laravel-VueJS\Kopie-UCP-web-UI\src\public\index.php(51): Illuminate\Foundation\Http\Kernel->handle(Object(Illuminate\Http\Request))
#95 C:\Users\devin\Documents\SynologyDrive\Privat\Serv24\Laravel-VueJS\Kopie-UCP-web-UI\src\server.php(21): require_once('C:\\Users\\devin\\...')
#96 {main} ["Default error handler action performed"] 
[2026-01-21 08:38:12] production.NOTICE: Redirected back from http://127.0.0.1:8000/dashboard/devices to http://127.0.0.1:8000/dashboard  
