[2026-01-13 13:38:30] production.ERROR: SQLSTATE[23000]: Integrity constraint violation: 1062 Duplicate entry '2026-01-13 14:38:29' for key 'PRIMARY' (Connection: mysql, SQL: update `timeseries` set `ts_data` = {"enabled":38,"disabled":7,"inbound_calls":15,"active_alarms":52,"periodic_checks":96,"local_checks":83,"Active_alarm":25,"Battery_malfunction":2,"Battery_low":10,"Button_malfunction":30,"Charge_malfunction":34,"Database_malfunction":12,"Disk_low":13,"Object_door_failure":29,"Elevator_failure":39,"Gateway_malfunction":20,"Identity_mismatch":45,"Object_is_not_level":28,"Light_malfunction":42,"Line_alarm":12,"Location_alarm":13,"Object_is_under_maintenance":11,"Microphone_malfunction":32,"Network_malfunction":2,"Periodical_call_overdue":49,"PIN_mismatch":49,"Power_malfunction":2,"RAM_low":38,"Reserved_device":17,"Serial_port_malfunction":13,"Shaft_failure":31,"Low_signal":28,"SIP_registration_failure":10,"Speaker_malfunction":7,"Technician_check_overdue":11,"Voice_alarm":11} where (`ts_timestamp` = 2026-01-03 13:00:00) limit 1) {"exception":"[object] (Illuminate\\Database\\UniqueConstraintViolationException(code: 23000): SQLSTATE[23000]: Integrity constraint violation: 1062 Duplicate entry '2026-01-13 14:38:29' for key 'PRIMARY' (Connection: mysql, SQL: update `timeseries` set `ts_data` = {\"enabled\":38,\"disabled\":7,\"inbound_calls\":15,\"active_alarms\":52,\"periodic_checks\":96,\"local_checks\":83,\"Active_alarm\":25,\"Battery_malfunction\":2,\"Battery_low\":10,\"Button_malfunction\":30,\"Charge_malfunction\":34,\"Database_malfunction\":12,\"Disk_low\":13,\"Object_door_failure\":29,\"Elevator_failure\":39,\"Gateway_malfunction\":20,\"Identity_mismatch\":45,\"Object_is_not_level\":28,\"Light_malfunction\":42,\"Line_alarm\":12,\"Location_alarm\":13,\"Object_is_under_maintenance\":11,\"Microphone_malfunction\":32,\"Network_malfunction\":2,\"Periodical_call_overdue\":49,\"PIN_mismatch\":49,\"Power_malfunction\":2,\"RAM_low\":38,\"Reserved_device\":17,\"Serial_port_malfunction\":13,\"Shaft_failure\":31,\"Low_signal\":28,\"SIP_registration_failure\":10,\"Speaker_malfunction\":7,\"Technician_check_overdue\":11,\"Voice_alarm\":11} where (`ts_timestamp` = 2026-01-03 13:00:00) limit 1) at C:\\Users\\devin\\Documents\\SynologyDrive\\Privat\\Serv24\\Laravel-VueJS\\Kopie-UCP-web-UI\\src\\vendor\\laravel\\framework\\src\\Illuminate\\Database\\Connection.php:824)
[stacktrace]
#0 C:\\Users\\devin\\Documents\\SynologyDrive\\Privat\\Serv24\\Laravel-VueJS\\Kopie-UCP-web-UI\\src\\vendor\\laravel\\framework\\src\\Illuminate\\Database\\Connection.php(783): Illuminate\\Database\\Connection->runQueryCallback('update `timeser...', Array, Object(Closure))
#1 C:\\Users\\devin\\Documents\\SynologyDrive\\Privat\\Serv24\\Laravel-VueJS\\Kopie-UCP-web-UI\\src\\vendor\\laravel\\framework\\src\\Illuminate\\Database\\Connection.php(600): Illuminate\\Database\\Connection->run('update `timeser...', Array, Object(Closure))
#2 C:\\Users\\devin\\Documents\\SynologyDrive\\Privat\\Serv24\\Laravel-VueJS\\Kopie-UCP-web-UI\\src\\vendor\\laravel\\framework\\src\\Illuminate\\Database\\Connection.php(552): Illuminate\\Database\\Connection->affectingStatement('update `timeser...', Array)
#3 C:\\Users\\devin\\Documents\\SynologyDrive\\Privat\\Serv24\\Laravel-VueJS\\Kopie-UCP-web-UI\\src\\vendor\\laravel\\framework\\src\\Illuminate\\Database\\Query\\Builder.php(3602): Illuminate\\Database\\Connection->update('update `timeser...', Array)
#4 C:\\Users\\devin\\Documents\\SynologyDrive\\Privat\\Serv24\\Laravel-VueJS\\Kopie-UCP-web-UI\\src\\vendor\\laravel\\framework\\src\\Illuminate\\Database\\Query\\Builder.php(3645): Illuminate\\Database\\Query\\Builder->update(Array)
#5 C:\\Users\\devin\\Documents\\SynologyDrive\\Privat\\Serv24\\Laravel-VueJS\\Kopie-UCP-web-UI\\src\\app\\Console\\Commands\\GenerateTimeseriesData.php(63): Illuminate\\Database\\Query\\Builder->updateOrInsert(Array, Array)
#6 C:\\Users\\devin\\Documents\\SynologyDrive\\Privat\\Serv24\\Laravel-VueJS\\Kopie-UCP-web-UI\\src\\vendor\\laravel\\framework\\src\\Illuminate\\Container\\BoundMethod.php(36): App\\Console\\Commands\\GenerateTimeseriesData->handle()
#7 C:\\Users\\devin\\Documents\\SynologyDrive\\Privat\\Serv24\\Laravel-VueJS\\Kopie-UCP-web-UI\\src\\vendor\\laravel\\framework\\src\\Illuminate\\Container\\Util.php(41): Illuminate\\Container\\BoundMethod::Illuminate\\Container\\{closure}()
#8 C:\\Users\\devin\\Documents\\SynologyDrive\\Privat\\Serv24\\Laravel-VueJS\\Kopie-UCP-web-UI\\src\\vendor\\laravel\\framework\\src\\Illuminate\\Container\\BoundMethod.php(93): Illuminate\\Container\\Util::unwrapIfClosure(Object(Closure))
#9 C:\\Users\\devin\\Documents\\SynologyDrive\\Privat\\Serv24\\Laravel-VueJS\\Kopie-UCP-web-UI\\src\\vendor\\laravel\\framework\\src\\Illuminate\\Container\\BoundMethod.php(35): Illuminate\\Container\\BoundMethod::callBoundMethod(Object(Illuminate\\Foundation\\Application), Array, Object(Closure))
#10 C:\\Users\\devin\\Documents\\SynologyDrive\\Privat\\Serv24\\Laravel-VueJS\\Kopie-UCP-web-UI\\src\\vendor\\laravel\\framework\\src\\Illuminate\\Container\\Container.php(662): Illuminate\\Container\\BoundMethod::call(Object(Illuminate\\Foundation\\Application), Array, Array, NULL)
#11 C:\\Users\\devin\\Documents\\SynologyDrive\\Privat\\Serv24\\Laravel-VueJS\\Kopie-UCP-web-UI\\src\\vendor\\laravel\\framework\\src\\Illuminate\\Console\\Command.php(211): Illuminate\\Container\\Container->call(Array)
#12 C:\\Users\\devin\\Documents\\SynologyDrive\\Privat\\Serv24\\Laravel-VueJS\\Kopie-UCP-web-UI\\src\\vendor\\symfony\\console\\Command\\Command.php(326): Illuminate\\Console\\Command->execute(Object(Symfony\\Component\\Console\\Input\\ArgvInput), Object(Illuminate\\Console\\OutputStyle))
#13 C:\\Users\\devin\\Documents\\SynologyDrive\\Privat\\Serv24\\Laravel-VueJS\\Kopie-UCP-web-UI\\src\\vendor\\laravel\\framework\\src\\Illuminate\\Console\\Command.php(180): Symfony\\Component\\Console\\Command\\Command->run(Object(Symfony\\Component\\Console\\Input\\ArgvInput), Object(Illuminate\\Console\\OutputStyle))
#14 C:\\Users\\devin\\Documents\\SynologyDrive\\Privat\\Serv24\\Laravel-VueJS\\Kopie-UCP-web-UI\\src\\vendor\\symfony\\console\\Application.php(1096): Illuminate\\Console\\Command->run(Object(Symfony\\Component\\Console\\Input\\ArgvInput), Object(Symfony\\Component\\Console\\Output\\ConsoleOutput))
#15 C:\\Users\\devin\\Documents\\SynologyDrive\\Privat\\Serv24\\Laravel-VueJS\\Kopie-UCP-web-UI\\src\\vendor\\symfony\\console\\Application.php(324): Symfony\\Component\\Console\\Application->doRunCommand(Object(App\\Console\\Commands\\GenerateTimeseriesData), Object(Symfony\\Component\\Console\\Input\\ArgvInput), Object(Symfony\\Component\\Console\\Output\\ConsoleOutput))
#16 C:\\Users\\devin\\Documents\\SynologyDrive\\Privat\\Serv24\\Laravel-VueJS\\Kopie-UCP-web-UI\\src\\vendor\\symfony\\console\\Application.php(175): Symfony\\Component\\Console\\Application->doRun(Object(Symfony\\Component\\Console\\Input\\ArgvInput), Object(Symfony\\Component\\Console\\Output\\ConsoleOutput))
#17 C:\\Users\\devin\\Documents\\SynologyDrive\\Privat\\Serv24\\Laravel-VueJS\\Kopie-UCP-web-UI\\src\\vendor\\laravel\\framework\\src\\Illuminate\\Foundation\\Console\\Kernel.php(201): Symfony\\Component\\Console\\Application->run(Object(Symfony\\Component\\Console\\Input\\ArgvInput), Object(Symfony\\Component\\Console\\Output\\ConsoleOutput))
#18 C:\\Users\\devin\\Documents\\SynologyDrive\\Privat\\Serv24\\Laravel-VueJS\\Kopie-UCP-web-UI\\src\\artisan(35): Illuminate\\Foundation\\Console\\Kernel->handle(Object(Symfony\\Component\\Console\\Input\\ArgvInput), Object(Symfony\\Component\\Console\\Output\\ConsoleOutput))
#19 {main}

[previous exception] [object] (PDOException(code: 23000): SQLSTATE[23000]: Integrity constraint violation: 1062 Duplicate entry '2026-01-13 14:38:29' for key 'PRIMARY' at C:\\Users\\devin\\Documents\\SynologyDrive\\Privat\\Serv24\\Laravel-VueJS\\Kopie-UCP-web-UI\\src\\vendor\\laravel\\framework\\src\\Illuminate\\Database\\Connection.php:612)
[stacktrace]
#0 C:\\Users\\devin\\Documents\\SynologyDrive\\Privat\\Serv24\\Laravel-VueJS\\Kopie-UCP-web-UI\\src\\vendor\\laravel\\framework\\src\\Illuminate\\Database\\Connection.php(612): PDOStatement->execute()
#1 C:\\Users\\devin\\Documents\\SynologyDrive\\Privat\\Serv24\\Laravel-VueJS\\Kopie-UCP-web-UI\\src\\vendor\\laravel\\framework\\src\\Illuminate\\Database\\Connection.php(816): Illuminate\\Database\\Connection->Illuminate\\Database\\{closure}('update `timeser...', Array)
#2 C:\\Users\\devin\\Documents\\SynologyDrive\\Privat\\Serv24\\Laravel-VueJS\\Kopie-UCP-web-UI\\src\\vendor\\laravel\\framework\\src\\Illuminate\\Database\\Connection.php(783): Illuminate\\Database\\Connection->runQueryCallback('update `timeser...', Array, Object(Closure))
#3 C:\\Users\\devin\\Documents\\SynologyDrive\\Privat\\Serv24\\Laravel-VueJS\\Kopie-UCP-web-UI\\src\\vendor\\laravel\\framework\\src\\Illuminate\\Database\\Connection.php(600): Illuminate\\Database\\Connection->run('update `timeser...', Array, Object(Closure))
#4 C:\\Users\\devin\\Documents\\SynologyDrive\\Privat\\Serv24\\Laravel-VueJS\\Kopie-UCP-web-UI\\src\\vendor\\laravel\\framework\\src\\Illuminate\\Database\\Connection.php(552): Illuminate\\Database\\Connection->affectingStatement('update `timeser...', Array)
#5 C:\\Users\\devin\\Documents\\SynologyDrive\\Privat\\Serv24\\Laravel-VueJS\\Kopie-UCP-web-UI\\src\\vendor\\laravel\\framework\\src\\Illuminate\\Database\\Query\\Builder.php(3602): Illuminate\\Database\\Connection->update('update `timeser...', Array)
#6 C:\\Users\\devin\\Documents\\SynologyDrive\\Privat\\Serv24\\Laravel-VueJS\\Kopie-UCP-web-UI\\src\\vendor\\laravel\\framework\\src\\Illuminate\\Database\\Query\\Builder.php(3645): Illuminate\\Database\\Query\\Builder->update(Array)
#7 C:\\Users\\devin\\Documents\\SynologyDrive\\Privat\\Serv24\\Laravel-VueJS\\Kopie-UCP-web-UI\\src\\app\\Console\\Commands\\GenerateTimeseriesData.php(63): Illuminate\\Database\\Query\\Builder->updateOrInsert(Array, Array)
#8 C:\\Users\\devin\\Documents\\SynologyDrive\\Privat\\Serv24\\Laravel-VueJS\\Kopie-UCP-web-UI\\src\\vendor\\laravel\\framework\\src\\Illuminate\\Container\\BoundMethod.php(36): App\\Console\\Commands\\GenerateTimeseriesData->handle()
#9 C:\\Users\\devin\\Documents\\SynologyDrive\\Privat\\Serv24\\Laravel-VueJS\\Kopie-UCP-web-UI\\src\\vendor\\laravel\\framework\\src\\Illuminate\\Container\\Util.php(41): Illuminate\\Container\\BoundMethod::Illuminate\\Container\\{closure}()
#10 C:\\Users\\devin\\Documents\\SynologyDrive\\Privat\\Serv24\\Laravel-VueJS\\Kopie-UCP-web-UI\\src\\vendor\\laravel\\framework\\src\\Illuminate\\Container\\BoundMethod.php(93): Illuminate\\Container\\Util::unwrapIfClosure(Object(Closure))
#11 C:\\Users\\devin\\Documents\\SynologyDrive\\Privat\\Serv24\\Laravel-VueJS\\Kopie-UCP-web-UI\\src\\vendor\\laravel\\framework\\src\\Illuminate\\Container\\BoundMethod.php(35): Illuminate\\Container\\BoundMethod::callBoundMethod(Object(Illuminate\\Foundation\\Application), Array, Object(Closure))
#12 C:\\Users\\devin\\Documents\\SynologyDrive\\Privat\\Serv24\\Laravel-VueJS\\Kopie-UCP-web-UI\\src\\vendor\\laravel\\framework\\src\\Illuminate\\Container\\Container.php(662): Illuminate\\Container\\BoundMethod::call(Object(Illuminate\\Foundation\\Application), Array, Array, NULL)
#13 C:\\Users\\devin\\Documents\\SynologyDrive\\Privat\\Serv24\\Laravel-VueJS\\Kopie-UCP-web-UI\\src\\vendor\\laravel\\framework\\src\\Illuminate\\Console\\Command.php(211): Illuminate\\Container\\Container->call(Array)
#14 C:\\Users\\devin\\Documents\\SynologyDrive\\Privat\\Serv24\\Laravel-VueJS\\Kopie-UCP-web-UI\\src\\vendor\\symfony\\console\\Command\\Command.php(326): Illuminate\\Console\\Command->execute(Object(Symfony\\Component\\Console\\Input\\ArgvInput), Object(Illuminate\\Console\\OutputStyle))
#15 C:\\Users\\devin\\Documents\\SynologyDrive\\Privat\\Serv24\\Laravel-VueJS\\Kopie-UCP-web-UI\\src\\vendor\\laravel\\framework\\src\\Illuminate\\Console\\Command.php(180): Symfony\\Component\\Console\\Command\\Command->run(Object(Symfony\\Component\\Console\\Input\\ArgvInput), Object(Illuminate\\Console\\OutputStyle))
#16 C:\\Users\\devin\\Documents\\SynologyDrive\\Privat\\Serv24\\Laravel-VueJS\\Kopie-UCP-web-UI\\src\\vendor\\symfony\\console\\Application.php(1096): Illuminate\\Console\\Command->run(Object(Symfony\\Component\\Console\\Input\\ArgvInput), Object(Symfony\\Component\\Console\\Output\\ConsoleOutput))
#17 C:\\Users\\devin\\Documents\\SynologyDrive\\Privat\\Serv24\\Laravel-VueJS\\Kopie-UCP-web-UI\\src\\vendor\\symfony\\console\\Application.php(324): Symfony\\Component\\Console\\Application->doRunCommand(Object(App\\Console\\Commands\\GenerateTimeseriesData), Object(Symfony\\Component\\Console\\Input\\ArgvInput), Object(Symfony\\Component\\Console\\Output\\ConsoleOutput))
#18 C:\\Users\\devin\\Documents\\SynologyDrive\\Privat\\Serv24\\Laravel-VueJS\\Kopie-UCP-web-UI\\src\\vendor\\symfony\\console\\Application.php(175): Symfony\\Component\\Console\\Application->doRun(Object(Symfony\\Component\\Console\\Input\\ArgvInput), Object(Symfony\\Component\\Console\\Output\\ConsoleOutput))
#19 C:\\Users\\devin\\Documents\\SynologyDrive\\Privat\\Serv24\\Laravel-VueJS\\Kopie-UCP-web-UI\\src\\vendor\\laravel\\framework\\src\\Illuminate\\Foundation\\Console\\Kernel.php(201): Symfony\\Component\\Console\\Application->run(Object(Symfony\\Component\\Console\\Input\\ArgvInput), Object(Symfony\\Component\\Console\\Output\\ConsoleOutput))
#20 C:\\Users\\devin\\Documents\\SynologyDrive\\Privat\\Serv24\\Laravel-VueJS\\Kopie-UCP-web-UI\\src\\artisan(35): Illuminate\\Foundation\\Console\\Kernel->handle(Object(Symfony\\Component\\Console\\Input\\ArgvInput), Object(Symfony\\Component\\Console\\Output\\ConsoleOutput))
#21 {main}
"} 
[2026-01-13 13:38:55] production.ERROR: Symfony Kernel HTTP Exception: {"url":"http://127.0.0.1:8000/favicon.ico","method":"GET","status":404,"message":"The route favicon.ico could not be found.","trace":"#0 C:\\Users\\devin\\Documents\\SynologyDrive\\Privat\\Serv24\\Laravel-VueJS\\Kopie-UCP-web-UI\\src\\vendor\\laravel\\framework\\src\\Illuminate\\Routing\\RouteCollection.php(162): Illuminate\\Routing\\AbstractRouteCollection->handleMatchedRoute(Object(Illuminate\\Http\\Request), NULL)
#1 C:\\Users\\devin\\Documents\\SynologyDrive\\Privat\\Serv24\\Laravel-VueJS\\Kopie-UCP-web-UI\\src\\vendor\\laravel\\framework\\src\\Illuminate\\Routing\\Router.php(761): Illuminate\\Routing\\RouteCollection->match(Object(Illuminate\\Http\\Request))
#2 C:\\Users\\devin\\Documents\\SynologyDrive\\Privat\\Serv24\\Laravel-VueJS\\Kopie-UCP-web-UI\\src\\vendor\\laravel\\framework\\src\\Illuminate\\Routing\\Router.php(748): Illuminate\\Routing\\Router->findRoute(Object(Illuminate\\Http\\Request))
#3 C:\\Users\\devin\\Documents\\SynologyDrive\\Privat\\Serv24\\Laravel-VueJS\\Kopie-UCP-web-UI\\src\\vendor\\laravel\\framework\\src\\Illuminate\\Routing\\Router.php(737): Illuminate\\Routing\\Router->dispatchToRoute(Object(Illuminate\\Http\\Request))
#4 C:\\Users\\devin\\Documents\\SynologyDrive\\Privat\\Serv24\\Laravel-VueJS\\Kopie-UCP-web-UI\\src\\vendor\\laravel\\framework\\src\\Illuminate\\Foundation\\Http\\Kernel.php(200): Illuminate\\Routing\\Router->dispatch(Object(Illuminate\\Http\\Request))
#5 C:\\Users\\devin\\Documents\\SynologyDrive\\Privat\\Serv24\\Laravel-VueJS\\Kopie-UCP-web-UI\\src\\vendor\\laravel\\framework\\src\\Illuminate\\Pipeline\\Pipeline.php(144): Illuminate\\Foundation\\Http\\Kernel->Illuminate\\Foundation\\Http\\{closure}(Object(Illuminate\\Http\\Request))
#6 C:\\Users\\devin\\Documents\\SynologyDrive\\Privat\\Serv24\\Laravel-VueJS\\Kopie-UCP-web-UI\\src\\vendor\\livewire\\livewire\\src\\DisableBrowserCache.php(19): Illuminate\\Pipeline\\Pipeline->Illuminate\\Pipeline\\{closure}(Object(Illuminate\\Http\\Request))
#7 C:\\Users\\devin\\Documents\\SynologyDrive\\Privat\\Serv24\\Laravel-VueJS\\Kopie-UCP-web-UI\\src\\vendor\\laravel\\framework\\src\\Illuminate\\Pipeline\\Pipeline.php(183): Livewire\\DisableBrowserCache->handle(Object(Illuminate\\Http\\Request), Object(Closure))
#8 C:\\Users\\devin\\Documents\\SynologyDrive\\Privat\\Serv24\\Laravel-VueJS\\Kopie-UCP-web-UI\\src\\vendor\\barryvdh\\laravel-debugbar\\src\\Middleware\\InjectDebugbar.php(59): Illuminate\\Pipeline\\Pipeline->Illuminate\\Pipeline\\{closure}(Object(Illuminate\\Http\\Request))
#9 C:\\Users\\devin\\Documents\\SynologyDrive\\Privat\\Serv24\\Laravel-VueJS\\Kopie-UCP-web-UI\\src\\vendor\\laravel\\framework\\src\\Illuminate\\Pipeline\\Pipeline.php(183): Barryvdh\\Debugbar\\Middleware\\InjectDebugbar->handle(Object(Illuminate\\Http\\Request), Object(Closure))
#10 C:\\Users\\devin\\Documents\\SynologyDrive\\Privat\\Serv24\\Laravel-VueJS\\Kopie-UCP-web-UI\\src\\app\\Http\\Middleware\\DisableSourceMaps.php(23): Illuminate\\Pipeline\\Pipeline->Illuminate\\Pipeline\\{closure}(Object(Illuminate\\Http\\Request))
#11 C:\\Users\\devin\\Documents\\SynologyDrive\\Privat\\Serv24\\Laravel-VueJS\\Kopie-UCP-web-UI\\src\\vendor\\laravel\\framework\\src\\Illuminate\\Pipeline\\Pipeline.php(183): App\\Http\\Middleware\\DisableSourceMaps->handle(Object(Illuminate\\Http\\Request), Object(Closure))
#12 C:\\Users\\devin\\Documents\\SynologyDrive\\Privat\\Serv24\\Laravel-VueJS\\Kopie-UCP-web-UI\\src\\vendor\\laravel\\framework\\src\\Illuminate\\Foundation\\Http\\Middleware\\TransformsRequest.php(21): Illuminate\\Pipeline\\Pipeline->Illuminate\\Pipeline\\{closure}(Object(Illuminate\\Http\\Request))
#13 C:\\Users\\devin\\Documents\\SynologyDrive\\Privat\\Serv24\\Laravel-VueJS\\Kopie-UCP-web-UI\\src\\vendor\\laravel\\framework\\src\\Illuminate\\Foundation\\Http\\Middleware\\ConvertEmptyStringsToNull.php(31): Illuminate\\Foundation\\Http\\Middleware\\TransformsRequest->handle(Object(Illuminate\\Http\\Request), Object(Closure))
#14 C:\\Users\\devin\\Documents\\SynologyDrive\\Privat\\Serv24\\Laravel-VueJS\\Kopie-UCP-web-UI\\src\\vendor\\laravel\\framework\\src\\Illuminate\\Pipeline\\Pipeline.php(183): Illuminate\\Foundation\\Http\\Middleware\\ConvertEmptyStringsToNull->handle(Object(Illuminate\\Http\\Request), Object(Closure))
#15 C:\\Users\\devin\\Documents\\SynologyDrive\\Privat\\Serv24\\Laravel-VueJS\\Kopie-UCP-web-UI\\src\\vendor\\laravel\\framework\\src\\Illuminate\\Foundation\\Http\\Middleware\\TransformsRequest.php(21): Illuminate\\Pipeline\\Pipeline->Illuminate\\Pipeline\\{closure}(Object(Illuminate\\Http\\Request))
#16 C:\\Users\\devin\\Documents\\SynologyDrive\\Privat\\Serv24\\Laravel-VueJS\\Kopie-UCP-web-UI\\src\\vendor\\laravel\\framework\\src\\Illuminate\\Foundation\\Http\\Middleware\\TrimStrings.php(40): Illuminate\\Foundation\\Http\\Middleware\\TransformsRequest->handle(Object(Illuminate\\Http\\Request), Object(Closure))
#17 C:\\Users\\devin\\Documents\\SynologyDrive\\Privat\\Serv24\\Laravel-VueJS\\Kopie-UCP-web-UI\\src\\vendor\\laravel\\framework\\src\\Illuminate\\Pipeline\\Pipeline.php(183): Illuminate\\Foundation\\Http\\Middleware\\TrimStrings->handle(Object(Illuminate\\Http\\Request), Object(Closure))
#18 C:\\Users\\devin\\Documents\\SynologyDrive\\Privat\\Serv24\\Laravel-VueJS\\Kopie-UCP-web-UI\\src\\vendor\\laravel\\framework\\src\\Illuminate\\Foundation\\Http\\Middleware\\ValidatePostSize.php(27): Illuminate\\Pipeline\\Pipeline->Illuminate\\Pipeline\\{closure}(Object(Illuminate\\Http\\Request))
#19 C:\\Users\\devin\\Documents\\SynologyDrive\\Privat\\Serv24\\Laravel-VueJS\\Kopie-UCP-web-UI\\src\\vendor\\laravel\\framework\\src\\Illuminate\\Pipeline\\Pipeline.php(183): Illuminate\\Foundation\\Http\\Middleware\\ValidatePostSize->handle(Object(Illuminate\\Http\\Request), Object(Closure))
#20 C:\\Users\\devin\\Documents\\SynologyDrive\\Privat\\Serv24\\Laravel-VueJS\\Kopie-UCP-web-UI\\src\\vendor\\laravel\\framework\\src\\Illuminate\\Foundation\\Http\\Middleware\\PreventRequestsDuringMaintenance.php(99): Illuminate\\Pipeline\\Pipeline->Illuminate\\Pipeline\\{closure}(Object(Illuminate\\Http\\Request))
#21 C:\\Users\\devin\\Documents\\SynologyDrive\\Privat\\Serv24\\Laravel-VueJS\\Kopie-UCP-web-UI\\src\\vendor\\laravel\\framework\\src\\Illuminate\\Pipeline\\Pipeline.php(183): Illuminate\\Foundation\\Http\\Middleware\\PreventRequestsDuringMaintenance->handle(Object(Illuminate\\Http\\Request), Object(Closure))
#22 C:\\Users\\devin\\Documents\\SynologyDrive\\Privat\\Serv24\\Laravel-VueJS\\Kopie-UCP-web-UI\\src\\vendor\\laravel\\framework\\src\\Illuminate\\Http\\Middleware\\TrustProxies.php(39): Illuminate\\Pipeline\\Pipeline->Illuminate\\Pipeline\\{closure}(Object(Illuminate\\Http\\Request))
#23 C:\\Users\\devin\\Documents\\SynologyDrive\\Privat\\Serv24\\Laravel-VueJS\\Kopie-UCP-web-UI\\src\\vendor\\laravel\\framework\\src\\Illuminate\\Pipeline\\Pipeline.php(183): Illuminate\\Http\\Middleware\\TrustProxies->handle(Object(Illuminate\\Http\\Request), Object(Closure))
#24 C:\\Users\\devin\\Documents\\SynologyDrive\\Privat\\Serv24\\Laravel-VueJS\\Kopie-UCP-web-UI\\src\\vendor\\laravel\\framework\\src\\Illuminate\\Http\\Middleware\\TrustHosts.php(48): Illuminate\\Pipeline\\Pipeline->Illuminate\\Pipeline\\{closure}(Object(Illuminate\\Http\\Request))
#25 C:\\Users\\devin\\Documents\\SynologyDrive\\Privat\\Serv24\\Laravel-VueJS\\Kopie-UCP-web-UI\\src\\vendor\\laravel\\framework\\src\\Illuminate\\Pipeline\\Pipeline.php(183): Illuminate\\Http\\Middleware\\TrustHosts->handle(Object(Illuminate\\Http\\Request), Object(Closure))
#26 C:\\Users\\devin\\Documents\\SynologyDrive\\Privat\\Serv24\\Laravel-VueJS\\Kopie-UCP-web-UI\\src\\app\\Http\\Middleware\\ValidateHostAndUriAgainstProxy.php(36): Illuminate\\Pipeline\\Pipeline->Illuminate\\Pipeline\\{closure}(Object(Illuminate\\Http\\Request))
#27 C:\\Users\\devin\\Documents\\SynologyDrive\\Privat\\Serv24\\Laravel-VueJS\\Kopie-UCP-web-UI\\src\\vendor\\laravel\\framework\\src\\Illuminate\\Pipeline\\Pipeline.php(183): App\\Http\\Middleware\\ValidateHostAndUriAgainstProxy->handle(Object(Illuminate\\Http\\Request), Object(Closure))
#28 C:\\Users\\devin\\Documents\\SynologyDrive\\Privat\\Serv24\\Laravel-VueJS\\Kopie-UCP-web-UI\\src\\vendor\\laravel\\framework\\src\\Illuminate\\Pipeline\\Pipeline.php(119): Illuminate\\Pipeline\\Pipeline->Illuminate\\Pipeline\\{closure}(Object(Illuminate\\Http\\Request))
#29 C:\\Users\\devin\\Documents\\SynologyDrive\\Privat\\Serv24\\Laravel-VueJS\\Kopie-UCP-web-UI\\src\\vendor\\laravel\\framework\\src\\Illuminate\\Foundation\\Http\\Kernel.php(175): Illuminate\\Pipeline\\Pipeline->then(Object(Closure))
#30 C:\\Users\\devin\\Documents\\SynologyDrive\\Privat\\Serv24\\Laravel-VueJS\\Kopie-UCP-web-UI\\src\\vendor\\laravel\\framework\\src\\Illuminate\\Foundation\\Http\\Kernel.php(144): Illuminate\\Foundation\\Http\\Kernel->sendRequestThroughRouter(Object(Illuminate\\Http\\Request))
#31 C:\\Users\\devin\\Documents\\SynologyDrive\\Privat\\Serv24\\Laravel-VueJS\\Kopie-UCP-web-UI\\src\\public\\index.php(51): Illuminate\\Foundation\\Http\\Kernel->handle(Object(Illuminate\\Http\\Request))
#32 C:\\Users\\devin\\Documents\\SynologyDrive\\Privat\\Serv24\\Laravel-VueJS\\Kopie-UCP-web-UI\\src\\server.php(21): require_once('C:\\\\Users\\\\devin\\\\...')
#33 {main}","IPs":["127.0.0.1"]} 
[2026-01-13 13:40:30] production.ERROR: SQLSTATE[23000]: Integrity constraint violation: 1062 Duplicate entry '2026-01-13 14:40:30' for key 'PRIMARY' (Connection: mysql, SQL: update `timeseries` set `ts_data` = {"enabled":93,"disabled":24,"inbound_calls":25,"active_alarms":57,"periodic_checks":9,"local_checks":49,"Active_alarm":34,"Battery_malfunction":40,"Battery_low":1,"Button_malfunction":46,"Charge_malfunction":39,"Database_malfunction":43,"Disk_low":8,"Object_door_failure":6,"Elevator_failure":50,"Gateway_malfunction":38,"Identity_mismatch":41,"Object_is_not_level":27,"Light_malfunction":10,"Line_alarm":24,"Location_alarm":46,"Object_is_under_maintenance":23,"Microphone_malfunction":29,"Network_malfunction":19,"Periodical_call_overdue":32,"PIN_mismatch":48,"Power_malfunction":29,"RAM_low":16,"Reserved_device":39,"Serial_port_malfunction":37,"Shaft_failure":9,"Low_signal":12,"SIP_registration_failure":49,"Speaker_malfunction":2,"Technician_check_overdue":25,"Voice_alarm":33} where (`ts_timestamp` = 2026-01-11 14:00:00) limit 1) {"exception":"[object] (Illuminate\\Database\\UniqueConstraintViolationException(code: 23000): SQLSTATE[23000]: Integrity constraint violation: 1062 Duplicate entry '2026-01-13 14:40:30' for key 'PRIMARY' (Connection: mysql, SQL: update `timeseries` set `ts_data` = {\"enabled\":93,\"disabled\":24,\"inbound_calls\":25,\"active_alarms\":57,\"periodic_checks\":9,\"local_checks\":49,\"Active_alarm\":34,\"Battery_malfunction\":40,\"Battery_low\":1,\"Button_malfunction\":46,\"Charge_malfunction\":39,\"Database_malfunction\":43,\"Disk_low\":8,\"Object_door_failure\":6,\"Elevator_failure\":50,\"Gateway_malfunction\":38,\"Identity_mismatch\":41,\"Object_is_not_level\":27,\"Light_malfunction\":10,\"Line_alarm\":24,\"Location_alarm\":46,\"Object_is_under_maintenance\":23,\"Microphone_malfunction\":29,\"Network_malfunction\":19,\"Periodical_call_overdue\":32,\"PIN_mismatch\":48,\"Power_malfunction\":29,\"RAM_low\":16,\"Reserved_device\":39,\"Serial_port_malfunction\":37,\"Shaft_failure\":9,\"Low_signal\":12,\"SIP_registration_failure\":49,\"Speaker_malfunction\":2,\"Technician_check_overdue\":25,\"Voice_alarm\":33} where (`ts_timestamp` = 2026-01-11 14:00:00) limit 1) at C:\\Users\\devin\\Documents\\SynologyDrive\\Privat\\Serv24\\Laravel-VueJS\\Kopie-UCP-web-UI\\src\\vendor\\laravel\\framework\\src\\Illuminate\\Database\\Connection.php:824)
[stacktrace]
#0 C:\\Users\\devin\\Documents\\SynologyDrive\\Privat\\Serv24\\Laravel-VueJS\\Kopie-UCP-web-UI\\src\\vendor\\laravel\\framework\\src\\Illuminate\\Database\\Connection.php(783): Illuminate\\Database\\Connection->runQueryCallback('update `timeser...', Array, Object(Closure))
#1 C:\\Users\\devin\\Documents\\SynologyDrive\\Privat\\Serv24\\Laravel-VueJS\\Kopie-UCP-web-UI\\src\\vendor\\laravel\\framework\\src\\Illuminate\\Database\\Connection.php(600): Illuminate\\Database\\Connection->run('update `timeser...', Array, Object(Closure))
#2 C:\\Users\\devin\\Documents\\SynologyDrive\\Privat\\Serv24\\Laravel-VueJS\\Kopie-UCP-web-UI\\src\\vendor\\laravel\\framework\\src\\Illuminate\\Database\\Connection.php(552): Illuminate\\Database\\Connection->affectingStatement('update `timeser...', Array)
#3 C:\\Users\\devin\\Documents\\SynologyDrive\\Privat\\Serv24\\Laravel-VueJS\\Kopie-UCP-web-UI\\src\\vendor\\laravel\\framework\\src\\Illuminate\\Database\\Query\\Builder.php(3602): Illuminate\\Database\\Connection->update('update `timeser...', Array)
#4 C:\\Users\\devin\\Documents\\SynologyDrive\\Privat\\Serv24\\Laravel-VueJS\\Kopie-UCP-web-UI\\src\\vendor\\laravel\\framework\\src\\Illuminate\\Database\\Query\\Builder.php(3645): Illuminate\\Database\\Query\\Builder->update(Array)
#5 C:\\Users\\devin\\Documents\\SynologyDrive\\Privat\\Serv24\\Laravel-VueJS\\Kopie-UCP-web-UI\\src\\app\\Console\\Commands\\GenerateTimeseriesData.php(63): Illuminate\\Database\\Query\\Builder->updateOrInsert(Array, Array)
#6 C:\\Users\\devin\\Documents\\SynologyDrive\\Privat\\Serv24\\Laravel-VueJS\\Kopie-UCP-web-UI\\src\\vendor\\laravel\\framework\\src\\Illuminate\\Container\\BoundMethod.php(36): App\\Console\\Commands\\GenerateTimeseriesData->handle()
#7 C:\\Users\\devin\\Documents\\SynologyDrive\\Privat\\Serv24\\Laravel-VueJS\\Kopie-UCP-web-UI\\src\\vendor\\laravel\\framework\\src\\Illuminate\\Container\\Util.php(41): Illuminate\\Container\\BoundMethod::Illuminate\\Container\\{closure}()
#8 C:\\Users\\devin\\Documents\\SynologyDrive\\Privat\\Serv24\\Laravel-VueJS\\Kopie-UCP-web-UI\\src\\vendor\\laravel\\framework\\src\\Illuminate\\Container\\BoundMethod.php(93): Illuminate\\Container\\Util::unwrapIfClosure(Object(Closure))
#9 C:\\Users\\devin\\Documents\\SynologyDrive\\Privat\\Serv24\\Laravel-VueJS\\Kopie-UCP-web-UI\\src\\vendor\\laravel\\framework\\src\\Illuminate\\Container\\BoundMethod.php(35): Illuminate\\Container\\BoundMethod::callBoundMethod(Object(Illuminate\\Foundation\\Application), Array, Object(Closure))
#10 C:\\Users\\devin\\Documents\\SynologyDrive\\Privat\\Serv24\\Laravel-VueJS\\Kopie-UCP-web-UI\\src\\vendor\\laravel\\framework\\src\\Illuminate\\Container\\Container.php(662): Illuminate\\Container\\BoundMethod::call(Object(Illuminate\\Foundation\\Application), Array, Array, NULL)
#11 C:\\Users\\devin\\Documents\\SynologyDrive\\Privat\\Serv24\\Laravel-VueJS\\Kopie-UCP-web-UI\\src\\vendor\\laravel\\framework\\src\\Illuminate\\Console\\Command.php(211): Illuminate\\Container\\Container->call(Array)
#12 C:\\Users\\devin\\Documents\\SynologyDrive\\Privat\\Serv24\\Laravel-VueJS\\Kopie-UCP-web-UI\\src\\vendor\\symfony\\console\\Command\\Command.php(326): Illuminate\\Console\\Command->execute(Object(Symfony\\Component\\Console\\Input\\ArgvInput), Object(Illuminate\\Console\\OutputStyle))
#13 C:\\Users\\devin\\Documents\\SynologyDrive\\Privat\\Serv24\\Laravel-VueJS\\Kopie-UCP-web-UI\\src\\vendor\\laravel\\framework\\src\\Illuminate\\Console\\Command.php(180): Symfony\\Component\\Console\\Command\\Command->run(Object(Symfony\\Component\\Console\\Input\\ArgvInput), Object(Illuminate\\Console\\OutputStyle))
#14 C:\\Users\\devin\\Documents\\SynologyDrive\\Privat\\Serv24\\Laravel-VueJS\\Kopie-UCP-web-UI\\src\\vendor\\symfony\\console\\Application.php(1096): Illuminate\\Console\\Command->run(Object(Symfony\\Component\\Console\\Input\\ArgvInput), Object(Symfony\\Component\\Console\\Output\\ConsoleOutput))
#15 C:\\Users\\devin\\Documents\\SynologyDrive\\Privat\\Serv24\\Laravel-VueJS\\Kopie-UCP-web-UI\\src\\vendor\\symfony\\console\\Application.php(324): Symfony\\Component\\Console\\Application->doRunCommand(Object(App\\Console\\Commands\\GenerateTimeseriesData), Object(Symfony\\Component\\Console\\Input\\ArgvInput), Object(Symfony\\Component\\Console\\Output\\ConsoleOutput))
#16 C:\\Users\\devin\\Documents\\SynologyDrive\\Privat\\Serv24\\Laravel-VueJS\\Kopie-UCP-web-UI\\src\\vendor\\symfony\\console\\Application.php(175): Symfony\\Component\\Console\\Application->doRun(Object(Symfony\\Component\\Console\\Input\\ArgvInput), Object(Symfony\\Component\\Console\\Output\\ConsoleOutput))
#17 C:\\Users\\devin\\Documents\\SynologyDrive\\Privat\\Serv24\\Laravel-VueJS\\Kopie-UCP-web-UI\\src\\vendor\\laravel\\framework\\src\\Illuminate\\Foundation\\Console\\Kernel.php(201): Symfony\\Component\\Console\\Application->run(Object(Symfony\\Component\\Console\\Input\\ArgvInput), Object(Symfony\\Component\\Console\\Output\\ConsoleOutput))
#18 C:\\Users\\devin\\Documents\\SynologyDrive\\Privat\\Serv24\\Laravel-VueJS\\Kopie-UCP-web-UI\\src\\artisan(35): Illuminate\\Foundation\\Console\\Kernel->handle(Object(Symfony\\Component\\Console\\Input\\ArgvInput), Object(Symfony\\Component\\Console\\Output\\ConsoleOutput))
#19 {main}

[previous exception] [object] (PDOException(code: 23000): SQLSTATE[23000]: Integrity constraint violation: 1062 Duplicate entry '2026-01-13 14:40:30' for key 'PRIMARY' at C:\\Users\\devin\\Documents\\SynologyDrive\\Privat\\Serv24\\Laravel-VueJS\\Kopie-UCP-web-UI\\src\\vendor\\laravel\\framework\\src\\Illuminate\\Database\\Connection.php:612)
[stacktrace]
#0 C:\\Users\\devin\\Documents\\SynologyDrive\\Privat\\Serv24\\Laravel-VueJS\\Kopie-UCP-web-UI\\src\\vendor\\laravel\\framework\\src\\Illuminate\\Database\\Connection.php(612): PDOStatement->execute()
#1 C:\\Users\\devin\\Documents\\SynologyDrive\\Privat\\Serv24\\Laravel-VueJS\\Kopie-UCP-web-UI\\src\\vendor\\laravel\\framework\\src\\Illuminate\\Database\\Connection.php(816): Illuminate\\Database\\Connection->Illuminate\\Database\\{closure}('update `timeser...', Array)
#2 C:\\Users\\devin\\Documents\\SynologyDrive\\Privat\\Serv24\\Laravel-VueJS\\Kopie-UCP-web-UI\\src\\vendor\\laravel\\framework\\src\\Illuminate\\Database\\Connection.php(783): Illuminate\\Database\\Connection->runQueryCallback('update `timeser...', Array, Object(Closure))
#3 C:\\Users\\devin\\Documents\\SynologyDrive\\Privat\\Serv24\\Laravel-VueJS\\Kopie-UCP-web-UI\\src\\vendor\\laravel\\framework\\src\\Illuminate\\Database\\Connection.php(600): Illuminate\\Database\\Connection->run('update `timeser...', Array, Object(Closure))
#4 C:\\Users\\devin\\Documents\\SynologyDrive\\Privat\\Serv24\\Laravel-VueJS\\Kopie-UCP-web-UI\\src\\vendor\\laravel\\framework\\src\\Illuminate\\Database\\Connection.php(552): Illuminate\\Database\\Connection->affectingStatement('update `timeser...', Array)
#5 C:\\Users\\devin\\Documents\\SynologyDrive\\Privat\\Serv24\\Laravel-VueJS\\Kopie-UCP-web-UI\\src\\vendor\\laravel\\framework\\src\\Illuminate\\Database\\Query\\Builder.php(3602): Illuminate\\Database\\Connection->update('update `timeser...', Array)
#6 C:\\Users\\devin\\Documents\\SynologyDrive\\Privat\\Serv24\\Laravel-VueJS\\Kopie-UCP-web-UI\\src\\vendor\\laravel\\framework\\src\\Illuminate\\Database\\Query\\Builder.php(3645): Illuminate\\Database\\Query\\Builder->update(Array)
#7 C:\\Users\\devin\\Documents\\SynologyDrive\\Privat\\Serv24\\Laravel-VueJS\\Kopie-UCP-web-UI\\src\\app\\Console\\Commands\\GenerateTimeseriesData.php(63): Illuminate\\Database\\Query\\Builder->updateOrInsert(Array, Array)
#8 C:\\Users\\devin\\Documents\\SynologyDrive\\Privat\\Serv24\\Laravel-VueJS\\Kopie-UCP-web-UI\\src\\vendor\\laravel\\framework\\src\\Illuminate\\Container\\BoundMethod.php(36): App\\Console\\Commands\\GenerateTimeseriesData->handle()
#9 C:\\Users\\devin\\Documents\\SynologyDrive\\Privat\\Serv24\\Laravel-VueJS\\Kopie-UCP-web-UI\\src\\vendor\\laravel\\framework\\src\\Illuminate\\Container\\Util.php(41): Illuminate\\Container\\BoundMethod::Illuminate\\Container\\{closure}()
#10 C:\\Users\\devin\\Documents\\SynologyDrive\\Privat\\Serv24\\Laravel-VueJS\\Kopie-UCP-web-UI\\src\\vendor\\laravel\\framework\\src\\Illuminate\\Container\\BoundMethod.php(93): Illuminate\\Container\\Util::unwrapIfClosure(Object(Closure))
#11 C:\\Users\\devin\\Documents\\SynologyDrive\\Privat\\Serv24\\Laravel-VueJS\\Kopie-UCP-web-UI\\src\\vendor\\laravel\\framework\\src\\Illuminate\\Container\\BoundMethod.php(35): Illuminate\\Container\\BoundMethod::callBoundMethod(Object(Illuminate\\Foundation\\Application), Array, Object(Closure))
#12 C:\\Users\\devin\\Documents\\SynologyDrive\\Privat\\Serv24\\Laravel-VueJS\\Kopie-UCP-web-UI\\src\\vendor\\laravel\\framework\\src\\Illuminate\\Container\\Container.php(662): Illuminate\\Container\\BoundMethod::call(Object(Illuminate\\Foundation\\Application), Array, Array, NULL)
#13 C:\\Users\\devin\\Documents\\SynologyDrive\\Privat\\Serv24\\Laravel-VueJS\\Kopie-UCP-web-UI\\src\\vendor\\laravel\\framework\\src\\Illuminate\\Console\\Command.php(211): Illuminate\\Container\\Container->call(Array)
#14 C:\\Users\\devin\\Documents\\SynologyDrive\\Privat\\Serv24\\Laravel-VueJS\\Kopie-UCP-web-UI\\src\\vendor\\symfony\\console\\Command\\Command.php(326): Illuminate\\Console\\Command->execute(Object(Symfony\\Component\\Console\\Input\\ArgvInput), Object(Illuminate\\Console\\OutputStyle))
#15 C:\\Users\\devin\\Documents\\SynologyDrive\\Privat\\Serv24\\Laravel-VueJS\\Kopie-UCP-web-UI\\src\\vendor\\laravel\\framework\\src\\Illuminate\\Console\\Command.php(180): Symfony\\Component\\Console\\Command\\Command->run(Object(Symfony\\Component\\Console\\Input\\ArgvInput), Object(Illuminate\\Console\\OutputStyle))
#16 C:\\Users\\devin\\Documents\\SynologyDrive\\Privat\\Serv24\\Laravel-VueJS\\Kopie-UCP-web-UI\\src\\vendor\\symfony\\console\\Application.php(1096): Illuminate\\Console\\Command->run(Object(Symfony\\Component\\Console\\Input\\ArgvInput), Object(Symfony\\Component\\Console\\Output\\ConsoleOutput))
#17 C:\\Users\\devin\\Documents\\SynologyDrive\\Privat\\Serv24\\Laravel-VueJS\\Kopie-UCP-web-UI\\src\\vendor\\symfony\\console\\Application.php(324): Symfony\\Component\\Console\\Application->doRunCommand(Object(App\\Console\\Commands\\GenerateTimeseriesData), Object(Symfony\\Component\\Console\\Input\\ArgvInput), Object(Symfony\\Component\\Console\\Output\\ConsoleOutput))
#18 C:\\Users\\devin\\Documents\\SynologyDrive\\Privat\\Serv24\\Laravel-VueJS\\Kopie-UCP-web-UI\\src\\vendor\\symfony\\console\\Application.php(175): Symfony\\Component\\Console\\Application->doRun(Object(Symfony\\Component\\Console\\Input\\ArgvInput), Object(Symfony\\Component\\Console\\Output\\ConsoleOutput))
#19 C:\\Users\\devin\\Documents\\SynologyDrive\\Privat\\Serv24\\Laravel-VueJS\\Kopie-UCP-web-UI\\src\\vendor\\laravel\\framework\\src\\Illuminate\\Foundation\\Console\\Kernel.php(201): Symfony\\Component\\Console\\Application->run(Object(Symfony\\Component\\Console\\Input\\ArgvInput), Object(Symfony\\Component\\Console\\Output\\ConsoleOutput))
#20 C:\\Users\\devin\\Documents\\SynologyDrive\\Privat\\Serv24\\Laravel-VueJS\\Kopie-UCP-web-UI\\src\\artisan(35): Illuminate\\Foundation\\Console\\Kernel->handle(Object(Symfony\\Component\\Console\\Input\\ArgvInput), Object(Symfony\\Component\\Console\\Output\\ConsoleOutput))
#21 {main}
"} 
