[2026-01-29 08:40:05] production.ERROR: SQLSTATE[23000]: Integrity constraint violation: 1062 Duplicate entry '2026-01-29 09:40:01' for key 'PRIMARY' (Connection: mysql, SQL: update `timeseries` set `ts_data` = {"enabled":34,"disabled":17,"inbound_calls":0,"active_alarms":99,"periodic_checks":34,"local_checks":11,"Active_alarm":39,"Battery_malfunction":29,"Battery_low":38,"Button_malfunction":42,"Charge_malfunction":33,"Database_malfunction":16,"Disk_low":45,"Object_door_failure":43,"Elevator_failure":44,"Gateway_malfunction":39,"Identity_mismatch":23,"Object_is_not_level":18,"Light_malfunction":15,"Line_alarm":17,"Location_alarm":48,"Object_is_under_maintenance":23,"Microphone_malfunction":30,"Network_malfunction":34,"Periodical_call_overdue":27,"PIN_mismatch":39,"Power_malfunction":49,"RAM_low":23,"Reserved_device":1,"Serial_port_malfunction":50,"Shaft_failure":9,"Low_signal":12,"SIP_registration_failure":35,"Speaker_malfunction":18,"Technician_check_overdue":36,"Voice_alarm":10} where (`ts_timestamp` = 2026-01-27 09:00:00) limit 1) {"exception":"[object] (Illuminate\\Database\\UniqueConstraintViolationException(code: 23000): SQLSTATE[23000]: Integrity constraint violation: 1062 Duplicate entry '2026-01-29 09:40:01' for key 'PRIMARY' (Connection: mysql, SQL: update `timeseries` set `ts_data` = {\"enabled\":34,\"disabled\":17,\"inbound_calls\":0,\"active_alarms\":99,\"periodic_checks\":34,\"local_checks\":11,\"Active_alarm\":39,\"Battery_malfunction\":29,\"Battery_low\":38,\"Button_malfunction\":42,\"Charge_malfunction\":33,\"Database_malfunction\":16,\"Disk_low\":45,\"Object_door_failure\":43,\"Elevator_failure\":44,\"Gateway_malfunction\":39,\"Identity_mismatch\":23,\"Object_is_not_level\":18,\"Light_malfunction\":15,\"Line_alarm\":17,\"Location_alarm\":48,\"Object_is_under_maintenance\":23,\"Microphone_malfunction\":30,\"Network_malfunction\":34,\"Periodical_call_overdue\":27,\"PIN_mismatch\":39,\"Power_malfunction\":49,\"RAM_low\":23,\"Reserved_device\":1,\"Serial_port_malfunction\":50,\"Shaft_failure\":9,\"Low_signal\":12,\"SIP_registration_failure\":35,\"Speaker_malfunction\":18,\"Technician_check_overdue\":36,\"Voice_alarm\":10} where (`ts_timestamp` = 2026-01-27 09:00:00) limit 1) at C:\\Users\\devin\\Documents\\SynologyDrive\\Privat\\Serv24\\Laravel-VueJS\\Kopie-UCP-web-UI\\src\\vendor\\laravel\\framework\\src\\Illuminate\\Database\\Connection.php:824)
[stacktrace]
#0 C:\\Users\\devin\\Documents\\SynologyDrive\\Privat\\Serv24\\Laravel-VueJS\\Kopie-UCP-web-UI\\src\\vendor\\laravel\\framework\\src\\Illuminate\\Database\\Connection.php(783): Illuminate\\Database\\Connection->runQueryCallback('update `timeser...', Array, Object(Closure))
#1 C:\\Users\\devin\\Documents\\SynologyDrive\\Privat\\Serv24\\Laravel-VueJS\\Kopie-UCP-web-UI\\src\\vendor\\laravel\\framework\\src\\Illuminate\\Database\\Connection.php(600): Illuminate\\Database\\Connection->run('update `timeser...', Array, Object(Closure))
#2 C:\\Users\\devin\\Documents\\SynologyDrive\\Privat\\Serv24\\Laravel-VueJS\\Kopie-UCP-web-UI\\src\\vendor\\laravel\\framework\\src\\Illuminate\\Database\\Connection.php(552): Illuminate\\Database\\Connection->affectingStatement('update `timeser...', Array)
#3 C:\\Users\\devin\\Documents\\SynologyDrive\\Privat\\Serv24\\Laravel-VueJS\\Kopie-UCP-web-UI\\src\\vendor\\laravel\\framework\\src\\Illuminate\\Database\\Query\\Builder.php(3602): Illuminate\\Database\\Connection->update('update `timeser...', Array)
#4 C:\\Users\\devin\\Documents\\SynologyDrive\\Privat\\Serv24\\Laravel-VueJS\\Kopie-UCP-web-UI\\src\\vendor\\laravel\\framework\\src\\Illuminate\\Database\\Query\\Builder.php(3645): Illuminate\\Database\\Query\\Builder->update(Array)
#5 C:\\Users\\devin\\Documents\\SynologyDrive\\Privat\\Serv24\\Laravel-VueJS\\Kopie-UCP-web-UI\\src\\app\\Console\\Commands\\GenerateTimeseriesData.php(63): Illuminate\\Database\\Query\\Builder->updateOrInsert(Array, Array)
#6 C:\\Users\\devin\\Documents\\SynologyDrive\\Privat\\Serv24\\Laravel-VueJS\\Kopie-UCP-web-UI\\src\\vendor\\laravel\\framework\\src\\Illuminate\\Container\\BoundMethod.php(36): App\\Console\\Commands\\GenerateTimeseriesData->handle()
#7 C:\\Users\\devin\\Documents\\SynologyDrive\\Privat\\Serv24\\Laravel-VueJS\\Kopie-UCP-web-UI\\src\\vendor\\laravel\\framework\\src\\Illuminate\\Container\\Util.php(41): Illuminate\\Container\\BoundMethod::Illuminate\\Container\\{closure}()
#8 C:\\Users\\devin\\Documents\\SynologyDrive\\Privat\\Serv24\\Laravel-VueJS\\Kopie-UCP-web-UI\\src\\vendor\\laravel\\framework\\src\\Illuminate\\Container\\BoundMethod.php(93): Illuminate\\Container\\Util::unwrapIfClosure(Object(Closure))
#9 C:\\Users\\devin\\Documents\\SynologyDrive\\Privat\\Serv24\\Laravel-VueJS\\Kopie-UCP-web-UI\\src\\vendor\\laravel\\framework\\src\\Illuminate\\Container\\BoundMethod.php(35): Illuminate\\Container\\BoundMethod::callBoundMethod(Object(Illuminate\\Foundation\\Application), Array, Object(Closure))
#10 C:\\Users\\devin\\Documents\\SynologyDrive\\Privat\\Serv24\\Laravel-VueJS\\Kopie-UCP-web-UI\\src\\vendor\\laravel\\framework\\src\\Illuminate\\Container\\Container.php(662): Illuminate\\Container\\BoundMethod::call(Object(Illuminate\\Foundation\\Application), Array, Array, NULL)
#11 C:\\Users\\devin\\Documents\\SynologyDrive\\Privat\\Serv24\\Laravel-VueJS\\Kopie-UCP-web-UI\\src\\vendor\\laravel\\framework\\src\\Illuminate\\Console\\Command.php(211): Illuminate\\Container\\Container->call(Array)
#12 C:\\Users\\devin\\Documents\\SynologyDrive\\Privat\\Serv24\\Laravel-VueJS\\Kopie-UCP-web-UI\\src\\vendor\\symfony\\console\\Command\\Command.php(326): Illuminate\\Console\\Command->execute(Object(Symfony\\Component\\Console\\Input\\ArgvInput), Object(Illuminate\\Console\\OutputStyle))
#13 C:\\Users\\devin\\Documents\\SynologyDrive\\Privat\\Serv24\\Laravel-VueJS\\Kopie-UCP-web-UI\\src\\vendor\\laravel\\framework\\src\\Illuminate\\Console\\Command.php(180): Symfony\\Component\\Console\\Command\\Command->run(Object(Symfony\\Component\\Console\\Input\\ArgvInput), Object(Illuminate\\Console\\OutputStyle))
#14 C:\\Users\\devin\\Documents\\SynologyDrive\\Privat\\Serv24\\Laravel-VueJS\\Kopie-UCP-web-UI\\src\\vendor\\symfony\\console\\Application.php(1096): Illuminate\\Console\\Command->run(Object(Symfony\\Component\\Console\\Input\\ArgvInput), Object(Symfony\\Component\\Console\\Output\\ConsoleOutput))
#15 C:\\Users\\devin\\Documents\\SynologyDrive\\Privat\\Serv24\\Laravel-VueJS\\Kopie-UCP-web-UI\\src\\vendor\\symfony\\console\\Application.php(324): Symfony\\Component\\Console\\Application->doRunCommand(Object(App\\Console\\Commands\\GenerateTimeseriesData), Object(Symfony\\Component\\Console\\Input\\ArgvInput), Object(Symfony\\Component\\Console\\Output\\ConsoleOutput))
#16 C:\\Users\\devin\\Documents\\SynologyDrive\\Privat\\Serv24\\Laravel-VueJS\\Kopie-UCP-web-UI\\src\\vendor\\symfony\\console\\Application.php(175): Symfony\\Component\\Console\\Application->doRun(Object(Symfony\\Component\\Console\\Input\\ArgvInput), Object(Symfony\\Component\\Console\\Output\\ConsoleOutput))
#17 C:\\Users\\devin\\Documents\\SynologyDrive\\Privat\\Serv24\\Laravel-VueJS\\Kopie-UCP-web-UI\\src\\vendor\\laravel\\framework\\src\\Illuminate\\Foundation\\Console\\Kernel.php(201): Symfony\\Component\\Console\\Application->run(Object(Symfony\\Component\\Console\\Input\\ArgvInput), Object(Symfony\\Component\\Console\\Output\\ConsoleOutput))
#18 C:\\Users\\devin\\Documents\\SynologyDrive\\Privat\\Serv24\\Laravel-VueJS\\Kopie-UCP-web-UI\\src\\artisan(35): Illuminate\\Foundation\\Console\\Kernel->handle(Object(Symfony\\Component\\Console\\Input\\ArgvInput), Object(Symfony\\Component\\Console\\Output\\ConsoleOutput))
#19 {main}

[previous exception] [object] (PDOException(code: 23000): SQLSTATE[23000]: Integrity constraint violation: 1062 Duplicate entry '2026-01-29 09:40:01' for key 'PRIMARY' at C:\\Users\\devin\\Documents\\SynologyDrive\\Privat\\Serv24\\Laravel-VueJS\\Kopie-UCP-web-UI\\src\\vendor\\laravel\\framework\\src\\Illuminate\\Database\\Connection.php:612)
[stacktrace]
#0 C:\\Users\\devin\\Documents\\SynologyDrive\\Privat\\Serv24\\Laravel-VueJS\\Kopie-UCP-web-UI\\src\\vendor\\laravel\\framework\\src\\Illuminate\\Database\\Connection.php(612): PDOStatement->execute()
#1 C:\\Users\\devin\\Documents\\SynologyDrive\\Privat\\Serv24\\Laravel-VueJS\\Kopie-UCP-web-UI\\src\\vendor\\laravel\\framework\\src\\Illuminate\\Database\\Connection.php(816): Illuminate\\Database\\Connection->Illuminate\\Database\\{closure}('update `timeser...', Array)
#2 C:\\Users\\devin\\Documents\\SynologyDrive\\Privat\\Serv24\\Laravel-VueJS\\Kopie-UCP-web-UI\\src\\vendor\\laravel\\framework\\src\\Illuminate\\Database\\Connection.php(783): Illuminate\\Database\\Connection->runQueryCallback('update `timeser...', Array, Object(Closure))
#3 C:\\Users\\devin\\Documents\\SynologyDrive\\Privat\\Serv24\\Laravel-VueJS\\Kopie-UCP-web-UI\\src\\vendor\\laravel\\framework\\src\\Illuminate\\Database\\Connection.php(600): Illuminate\\Database\\Connection->run('update `timeser...', Array, Object(Closure))
#4 C:\\Users\\devin\\Documents\\SynologyDrive\\Privat\\Serv24\\Laravel-VueJS\\Kopie-UCP-web-UI\\src\\vendor\\laravel\\framework\\src\\Illuminate\\Database\\Connection.php(552): Illuminate\\Database\\Connection->affectingStatement('update `timeser...', Array)
#5 C:\\Users\\devin\\Documents\\SynologyDrive\\Privat\\Serv24\\Laravel-VueJS\\Kopie-UCP-web-UI\\src\\vendor\\laravel\\framework\\src\\Illuminate\\Database\\Query\\Builder.php(3602): Illuminate\\Database\\Connection->update('update `timeser...', Array)
#6 C:\\Users\\devin\\Documents\\SynologyDrive\\Privat\\Serv24\\Laravel-VueJS\\Kopie-UCP-web-UI\\src\\vendor\\laravel\\framework\\src\\Illuminate\\Database\\Query\\Builder.php(3645): Illuminate\\Database\\Query\\Builder->update(Array)
#7 C:\\Users\\devin\\Documents\\SynologyDrive\\Privat\\Serv24\\Laravel-VueJS\\Kopie-UCP-web-UI\\src\\app\\Console\\Commands\\GenerateTimeseriesData.php(63): Illuminate\\Database\\Query\\Builder->updateOrInsert(Array, Array)
#8 C:\\Users\\devin\\Documents\\SynologyDrive\\Privat\\Serv24\\Laravel-VueJS\\Kopie-UCP-web-UI\\src\\vendor\\laravel\\framework\\src\\Illuminate\\Container\\BoundMethod.php(36): App\\Console\\Commands\\GenerateTimeseriesData->handle()
#9 C:\\Users\\devin\\Documents\\SynologyDrive\\Privat\\Serv24\\Laravel-VueJS\\Kopie-UCP-web-UI\\src\\vendor\\laravel\\framework\\src\\Illuminate\\Container\\Util.php(41): Illuminate\\Container\\BoundMethod::Illuminate\\Container\\{closure}()
#10 C:\\Users\\devin\\Documents\\SynologyDrive\\Privat\\Serv24\\Laravel-VueJS\\Kopie-UCP-web-UI\\src\\vendor\\laravel\\framework\\src\\Illuminate\\Container\\BoundMethod.php(93): Illuminate\\Container\\Util::unwrapIfClosure(Object(Closure))
#11 C:\\Users\\devin\\Documents\\SynologyDrive\\Privat\\Serv24\\Laravel-VueJS\\Kopie-UCP-web-UI\\src\\vendor\\laravel\\framework\\src\\Illuminate\\Container\\BoundMethod.php(35): Illuminate\\Container\\BoundMethod::callBoundMethod(Object(Illuminate\\Foundation\\Application), Array, Object(Closure))
#12 C:\\Users\\devin\\Documents\\SynologyDrive\\Privat\\Serv24\\Laravel-VueJS\\Kopie-UCP-web-UI\\src\\vendor\\laravel\\framework\\src\\Illuminate\\Container\\Container.php(662): Illuminate\\Container\\BoundMethod::call(Object(Illuminate\\Foundation\\Application), Array, Array, NULL)
#13 C:\\Users\\devin\\Documents\\SynologyDrive\\Privat\\Serv24\\Laravel-VueJS\\Kopie-UCP-web-UI\\src\\vendor\\laravel\\framework\\src\\Illuminate\\Console\\Command.php(211): Illuminate\\Container\\Container->call(Array)
#14 C:\\Users\\devin\\Documents\\SynologyDrive\\Privat\\Serv24\\Laravel-VueJS\\Kopie-UCP-web-UI\\src\\vendor\\symfony\\console\\Command\\Command.php(326): Illuminate\\Console\\Command->execute(Object(Symfony\\Component\\Console\\Input\\ArgvInput), Object(Illuminate\\Console\\OutputStyle))
#15 C:\\Users\\devin\\Documents\\SynologyDrive\\Privat\\Serv24\\Laravel-VueJS\\Kopie-UCP-web-UI\\src\\vendor\\laravel\\framework\\src\\Illuminate\\Console\\Command.php(180): Symfony\\Component\\Console\\Command\\Command->run(Object(Symfony\\Component\\Console\\Input\\ArgvInput), Object(Illuminate\\Console\\OutputStyle))
#16 C:\\Users\\devin\\Documents\\SynologyDrive\\Privat\\Serv24\\Laravel-VueJS\\Kopie-UCP-web-UI\\src\\vendor\\symfony\\console\\Application.php(1096): Illuminate\\Console\\Command->run(Object(Symfony\\Component\\Console\\Input\\ArgvInput), Object(Symfony\\Component\\Console\\Output\\ConsoleOutput))
#17 C:\\Users\\devin\\Documents\\SynologyDrive\\Privat\\Serv24\\Laravel-VueJS\\Kopie-UCP-web-UI\\src\\vendor\\symfony\\console\\Application.php(324): Symfony\\Component\\Console\\Application->doRunCommand(Object(App\\Console\\Commands\\GenerateTimeseriesData), Object(Symfony\\Component\\Console\\Input\\ArgvInput), Object(Symfony\\Component\\Console\\Output\\ConsoleOutput))
#18 C:\\Users\\devin\\Documents\\SynologyDrive\\Privat\\Serv24\\Laravel-VueJS\\Kopie-UCP-web-UI\\src\\vendor\\symfony\\console\\Application.php(175): Symfony\\Component\\Console\\Application->doRun(Object(Symfony\\Component\\Console\\Input\\ArgvInput), Object(Symfony\\Component\\Console\\Output\\ConsoleOutput))
#19 C:\\Users\\devin\\Documents\\SynologyDrive\\Privat\\Serv24\\Laravel-VueJS\\Kopie-UCP-web-UI\\src\\vendor\\laravel\\framework\\src\\Illuminate\\Foundation\\Console\\Kernel.php(201): Symfony\\Component\\Console\\Application->run(Object(Symfony\\Component\\Console\\Input\\ArgvInput), Object(Symfony\\Component\\Console\\Output\\ConsoleOutput))
#20 C:\\Users\\devin\\Documents\\SynologyDrive\\Privat\\Serv24\\Laravel-VueJS\\Kopie-UCP-web-UI\\src\\artisan(35): Illuminate\\Foundation\\Console\\Kernel->handle(Object(Symfony\\Component\\Console\\Input\\ArgvInput), Object(Symfony\\Component\\Console\\Output\\ConsoleOutput))
#21 {main}
"} 
